{"C:\\Users\\niek\\Documents\\GitHub\\webs5\\app.js":{"path":"C:\\Users\\niek\\Documents\\GitHub\\webs5\\app.js","s":{"1":1,"2":1,"3":1,"4":1,"5":1,"6":1,"7":1,"8":1,"9":1,"10":1,"11":1,"12":1,"13":1,"14":1,"15":1,"16":0,"17":1,"18":1,"19":1,"20":1,"21":1,"22":1,"23":0,"24":0,"25":0,"26":0,"27":0,"28":0,"29":0,"30":0,"31":1,"32":1,"33":1,"34":1,"35":1,"36":1,"37":1,"38":1,"39":1,"40":1,"41":1,"42":1,"43":1,"44":1,"45":1,"46":1,"47":1,"48":1,"49":0,"50":1,"51":1,"52":1,"53":0,"54":1,"55":1,"56":1,"57":1,"58":1,"59":0,"60":0,"61":0,"62":1,"63":1,"64":0,"65":0,"66":1,"67":0,"68":0,"69":1},"b":{"1":[1,0],"2":[0,1],"3":[1,0],"4":[1,0],"5":[0,0],"6":[0,0]},"f":{"1":1,"2":0,"3":1,"4":0,"5":0,"6":0},"fnMap":{"1":{"name":"(anonymous_1)","line":16,"loc":{"start":{"line":16,"column":16},"end":{"line":16,"column":32}}},"2":{"name":"handleError","line":35,"loc":{"start":{"line":35,"column":2},"end":{"line":35,"column":53}}},"3":{"name":"isLoggedIn","line":74,"loc":{"start":{"line":74,"column":2},"end":{"line":74,"column":38}}},"4":{"name":"(anonymous_4)","line":94,"loc":{"start":{"line":94,"column":10},"end":{"line":94,"column":35}}},"5":{"name":"(anonymous_5)","line":103,"loc":{"start":{"line":103,"column":12},"end":{"line":103,"column":42}}},"6":{"name":"(anonymous_6)","line":114,"loc":{"start":{"line":114,"column":10},"end":{"line":114,"column":40}}}},"statementMap":{"1":{"start":{"line":1,"column":0},"end":{"line":1,"column":13}},"2":{"start":{"line":2,"column":0},"end":{"line":2,"column":33}},"3":{"start":{"line":3,"column":0},"end":{"line":3,"column":27}},"4":{"start":{"line":5,"column":0},"end":{"line":5,"column":31}},"5":{"start":{"line":6,"column":0},"end":{"line":6,"column":44}},"6":{"start":{"line":7,"column":0},"end":{"line":7,"column":40}},"7":{"start":{"line":9,"column":0},"end":{"line":9,"column":35}},"8":{"start":{"line":10,"column":0},"end":{"line":10,"column":35}},"9":{"start":{"line":11,"column":0},"end":{"line":11,"column":40}},"10":{"start":{"line":12,"column":0},"end":{"line":12,"column":33}},"11":{"start":{"line":13,"column":0},"end":{"line":13,"column":42}},"12":{"start":{"line":16,"column":0},"end":{"line":122,"column":2}},"13":{"start":{"line":18,"column":2},"end":{"line":23,"column":3}},"14":{"start":{"line":19,"column":4},"end":{"line":19,"column":37}},"15":{"start":{"line":20,"column":4},"end":{"line":20,"column":22}},"16":{"start":{"line":22,"column":4},"end":{"line":22,"column":47}},"17":{"start":{"line":26,"column":2},"end":{"line":26,"column":41}},"18":{"start":{"line":28,"column":2},"end":{"line":28,"column":33}},"19":{"start":{"line":31,"column":2},"end":{"line":31,"column":27}},"20":{"start":{"line":32,"column":2},"end":{"line":32,"column":37}},"21":{"start":{"line":33,"column":2},"end":{"line":33,"column":41}},"22":{"start":{"line":35,"column":2},"end":{"line":44,"column":3}},"23":{"start":{"line":36,"column":4},"end":{"line":36,"column":18}},"24":{"start":{"line":37,"column":4},"end":{"line":37,"column":51}},"25":{"start":{"line":38,"column":4},"end":{"line":38,"column":65}},"26":{"start":{"line":39,"column":4},"end":{"line":39,"column":61}},"27":{"start":{"line":40,"column":4},"end":{"line":40,"column":91}},"28":{"start":{"line":41,"column":4},"end":{"line":41,"column":52}},"29":{"start":{"line":42,"column":4},"end":{"line":42,"column":27}},"30":{"start":{"line":43,"column":4},"end":{"line":43,"column":22}},"31":{"start":{"line":47,"column":2},"end":{"line":47,"column":22}},"32":{"start":{"line":50,"column":2},"end":{"line":50,"column":50}},"33":{"start":{"line":51,"column":2},"end":{"line":51,"column":32}},"34":{"start":{"line":55,"column":2},"end":{"line":55,"column":25}},"35":{"start":{"line":56,"column":2},"end":{"line":56,"column":29}},"36":{"start":{"line":57,"column":2},"end":{"line":57,"column":54}},"37":{"start":{"line":58,"column":2},"end":{"line":58,"column":26}},"38":{"start":{"line":59,"column":2},"end":{"line":59,"column":58}},"39":{"start":{"line":62,"column":2},"end":{"line":62,"column":65}},"40":{"start":{"line":63,"column":2},"end":{"line":63,"column":33}},"41":{"start":{"line":64,"column":2},"end":{"line":64,"column":30}},"42":{"start":{"line":65,"column":2},"end":{"line":65,"column":19}},"43":{"start":{"line":68,"column":2},"end":{"line":68,"column":42}},"44":{"start":{"line":69,"column":2},"end":{"line":69,"column":63}},"45":{"start":{"line":70,"column":2},"end":{"line":70,"column":63}},"46":{"start":{"line":71,"column":2},"end":{"line":71,"column":71}},"47":{"start":{"line":74,"column":2},"end":{"line":86,"column":3}},"48":{"start":{"line":76,"column":4},"end":{"line":77,"column":20}},"49":{"start":{"line":77,"column":6},"end":{"line":77,"column":20}},"50":{"start":{"line":80,"column":4},"end":{"line":80,"column":33}},"51":{"start":{"line":81,"column":4},"end":{"line":85,"column":5}},"52":{"start":{"line":82,"column":6},"end":{"line":82,"column":69}},"53":{"start":{"line":84,"column":6},"end":{"line":84,"column":24}},"54":{"start":{"line":88,"column":2},"end":{"line":88,"column":23}},"55":{"start":{"line":89,"column":2},"end":{"line":89,"column":38}},"56":{"start":{"line":90,"column":2},"end":{"line":90,"column":38}},"57":{"start":{"line":91,"column":2},"end":{"line":91,"column":46}},"58":{"start":{"line":94,"column":2},"end":{"line":98,"column":5}},"59":{"start":{"line":95,"column":4},"end":{"line":95,"column":37}},"60":{"start":{"line":96,"column":4},"end":{"line":96,"column":21}},"61":{"start":{"line":97,"column":4},"end":{"line":97,"column":14}},"62":{"start":{"line":102,"column":2},"end":{"line":110,"column":3}},"63":{"start":{"line":103,"column":4},"end":{"line":109,"column":7}},"64":{"start":{"line":104,"column":6},"end":{"line":104,"column":36}},"65":{"start":{"line":105,"column":6},"end":{"line":108,"column":9}},"66":{"start":{"line":114,"column":2},"end":{"line":120,"column":5}},"67":{"start":{"line":115,"column":4},"end":{"line":115,"column":34}},"68":{"start":{"line":116,"column":4},"end":{"line":119,"column":7}},"69":{"start":{"line":121,"column":2},"end":{"line":121,"column":13}}},"branchMap":{"1":{"line":18,"type":"if","locations":[{"start":{"line":18,"column":2},"end":{"line":18,"column":2}},{"start":{"line":18,"column":2},"end":{"line":18,"column":2}}]},"2":{"line":76,"type":"if","locations":[{"start":{"line":76,"column":4},"end":{"line":76,"column":4}},{"start":{"line":76,"column":4},"end":{"line":76,"column":4}}]},"3":{"line":81,"type":"if","locations":[{"start":{"line":81,"column":4},"end":{"line":81,"column":4}},{"start":{"line":81,"column":4},"end":{"line":81,"column":4}}]},"4":{"line":102,"type":"if","locations":[{"start":{"line":102,"column":2},"end":{"line":102,"column":2}},{"start":{"line":102,"column":2},"end":{"line":102,"column":2}}]},"5":{"line":104,"type":"binary-expr","locations":[{"start":{"line":104,"column":17},"end":{"line":104,"column":27}},{"start":{"line":104,"column":31},"end":{"line":104,"column":34}}]},"6":{"line":115,"type":"binary-expr","locations":[{"start":{"line":115,"column":15},"end":{"line":115,"column":25}},{"start":{"line":115,"column":29},"end":{"line":115,"column":32}}]}}},"C:\\Users\\niek\\Documents\\GitHub\\webs5\\config\\testConfig.js":{"path":"C:\\Users\\niek\\Documents\\GitHub\\webs5\\config\\testConfig.js","s":{"1":1},"b":{},"f":{},"fnMap":{},"statementMap":{"1":{"start":{"line":4,"column":0},"end":{"line":6,"column":1}}},"branchMap":{}},"C:\\Users\\niek\\Documents\\GitHub\\webs5\\config\\passport.js":{"path":"C:\\Users\\niek\\Documents\\GitHub\\webs5\\config\\passport.js","s":{"1":1,"2":1,"3":1,"4":1,"5":1,"6":1,"7":0,"8":1,"9":0,"10":0,"11":1,"12":1,"13":1,"14":1,"15":1,"16":0,"17":1,"18":1,"19":0,"20":0,"21":0,"22":0,"23":0,"24":0,"25":0,"26":0,"27":0,"28":1,"29":0,"30":0,"31":0,"32":0,"33":0,"34":0,"35":0,"36":0,"37":0,"38":1,"39":0,"40":0,"41":0,"42":0,"43":0,"44":0,"45":0,"46":0,"47":0,"48":0,"49":0,"50":0,"51":0,"52":0,"53":0},"b":{"1":[0,1],"2":[1,0],"3":[0,0],"4":[0,0],"5":[0,0],"6":[0,0],"7":[0,0],"8":[0,0],"9":[0,0]},"f":{"1":1,"2":0,"3":0,"4":0,"5":1,"6":1,"7":1,"8":0,"9":0,"10":0,"11":0,"12":0,"13":0,"14":0},"fnMap":{"1":{"name":"(anonymous_1)","line":17,"loc":{"start":{"line":17,"column":17},"end":{"line":17,"column":36}}},"2":{"name":"(anonymous_2)","line":26,"loc":{"start":{"line":26,"column":27},"end":{"line":26,"column":48}}},"3":{"name":"(anonymous_3)","line":31,"loc":{"start":{"line":31,"column":29},"end":{"line":31,"column":48}}},"4":{"name":"(anonymous_4)","line":32,"loc":{"start":{"line":32,"column":26},"end":{"line":32,"column":46}}},"5":{"name":"(anonymous_5)","line":56,"loc":{"start":{"line":56,"column":8},"end":{"line":56,"column":44}}},"6":{"name":"(anonymous_6)","line":59,"loc":{"start":{"line":59,"column":29},"end":{"line":59,"column":40}}},"7":{"name":"(anonymous_7)","line":63,"loc":{"start":{"line":63,"column":57},"end":{"line":63,"column":77}}},"8":{"name":"(anonymous_8)","line":84,"loc":{"start":{"line":84,"column":37},"end":{"line":84,"column":51}}},"9":{"name":"(anonymous_9)","line":105,"loc":{"start":{"line":105,"column":8},"end":{"line":105,"column":45}}},"10":{"name":"(anonymous_10)","line":108,"loc":{"start":{"line":108,"column":53},"end":{"line":108,"column":73}}},"11":{"name":"(anonymous_11)","line":136,"loc":{"start":{"line":136,"column":8},"end":{"line":136,"column":53}}},"12":{"name":"(anonymous_12)","line":140,"loc":{"start":{"line":140,"column":29},"end":{"line":140,"column":40}}},"13":{"name":"(anonymous_13)","line":143,"loc":{"start":{"line":143,"column":59},"end":{"line":143,"column":79}}},"14":{"name":"(anonymous_14)","line":162,"loc":{"start":{"line":162,"column":37},"end":{"line":162,"column":51}}}},"statementMap":{"1":{"start":{"line":7,"column":0},"end":{"line":7,"column":57}},"2":{"start":{"line":8,"column":0},"end":{"line":8,"column":69}},"3":{"start":{"line":11,"column":0},"end":{"line":11,"column":48}},"4":{"start":{"line":14,"column":0},"end":{"line":14,"column":35}},"5":{"start":{"line":17,"column":0},"end":{"line":172,"column":2}},"6":{"start":{"line":26,"column":4},"end":{"line":28,"column":7}},"7":{"start":{"line":27,"column":8},"end":{"line":27,"column":28}},"8":{"start":{"line":31,"column":4},"end":{"line":35,"column":7}},"9":{"start":{"line":32,"column":8},"end":{"line":34,"column":11}},"10":{"start":{"line":33,"column":12},"end":{"line":33,"column":28}},"11":{"start":{"line":48,"column":4},"end":{"line":92,"column":12}},"12":{"start":{"line":59,"column":12},"end":{"line":91,"column":15}},"13":{"start":{"line":60,"column":16},"end":{"line":60,"column":42}},"14":{"start":{"line":63,"column":16},"end":{"line":90,"column":19}},"15":{"start":{"line":65,"column":20},"end":{"line":66,"column":41}},"16":{"start":{"line":66,"column":24},"end":{"line":66,"column":41}},"17":{"start":{"line":69,"column":20},"end":{"line":89,"column":21}},"18":{"start":{"line":70,"column":24},"end":{"line":70,"column":109}},"19":{"start":{"line":75,"column":24},"end":{"line":75,"column":60}},"20":{"start":{"line":78,"column":24},"end":{"line":78,"column":55}},"21":{"start":{"line":79,"column":24},"end":{"line":79,"column":80}},"22":{"start":{"line":80,"column":24},"end":{"line":80,"column":67}},"23":{"start":{"line":81,"column":24},"end":{"line":81,"column":71}},"24":{"start":{"line":84,"column":24},"end":{"line":88,"column":27}},"25":{"start":{"line":85,"column":28},"end":{"line":86,"column":42}},"26":{"start":{"line":86,"column":32},"end":{"line":86,"column":42}},"27":{"start":{"line":87,"column":28},"end":{"line":87,"column":55}},"28":{"start":{"line":99,"column":4},"end":{"line":125,"column":12}},"29":{"start":{"line":108,"column":12},"end":{"line":124,"column":15}},"30":{"start":{"line":110,"column":16},"end":{"line":111,"column":37}},"31":{"start":{"line":111,"column":20},"end":{"line":111,"column":37}},"32":{"start":{"line":113,"column":16},"end":{"line":113,"column":39}},"33":{"start":{"line":115,"column":16},"end":{"line":116,"column":90}},"34":{"start":{"line":116,"column":20},"end":{"line":116,"column":90}},"35":{"start":{"line":119,"column":16},"end":{"line":120,"column":97}},"36":{"start":{"line":120,"column":20},"end":{"line":120,"column":97}},"37":{"start":{"line":123,"column":16},"end":{"line":123,"column":40}},"38":{"start":{"line":129,"column":4},"end":{"line":171,"column":12}},"39":{"start":{"line":140,"column":12},"end":{"line":169,"column":15}},"40":{"start":{"line":143,"column":16},"end":{"line":168,"column":19}},"41":{"start":{"line":144,"column":20},"end":{"line":145,"column":41}},"42":{"start":{"line":145,"column":24},"end":{"line":145,"column":41}},"43":{"start":{"line":147,"column":20},"end":{"line":167,"column":21}},"44":{"start":{"line":150,"column":24},"end":{"line":150,"column":48}},"45":{"start":{"line":153,"column":24},"end":{"line":153,"column":58}},"46":{"start":{"line":156,"column":24},"end":{"line":156,"column":58}},"47":{"start":{"line":157,"column":24},"end":{"line":157,"column":53}},"48":{"start":{"line":158,"column":24},"end":{"line":158,"column":67}},"49":{"start":{"line":159,"column":24},"end":{"line":159,"column":71}},"50":{"start":{"line":162,"column":24},"end":{"line":166,"column":27}},"51":{"start":{"line":163,"column":28},"end":{"line":164,"column":42}},"52":{"start":{"line":164,"column":32},"end":{"line":164,"column":42}},"53":{"start":{"line":165,"column":28},"end":{"line":165,"column":55}}},"branchMap":{"1":{"line":65,"type":"if","locations":[{"start":{"line":65,"column":20},"end":{"line":65,"column":20}},{"start":{"line":65,"column":20},"end":{"line":65,"column":20}}]},"2":{"line":69,"type":"if","locations":[{"start":{"line":69,"column":20},"end":{"line":69,"column":20}},{"start":{"line":69,"column":20},"end":{"line":69,"column":20}}]},"3":{"line":85,"type":"if","locations":[{"start":{"line":85,"column":28},"end":{"line":85,"column":28}},{"start":{"line":85,"column":28},"end":{"line":85,"column":28}}]},"4":{"line":110,"type":"if","locations":[{"start":{"line":110,"column":16},"end":{"line":110,"column":16}},{"start":{"line":110,"column":16},"end":{"line":110,"column":16}}]},"5":{"line":115,"type":"if","locations":[{"start":{"line":115,"column":16},"end":{"line":115,"column":16}},{"start":{"line":115,"column":16},"end":{"line":115,"column":16}}]},"6":{"line":119,"type":"if","locations":[{"start":{"line":119,"column":16},"end":{"line":119,"column":16}},{"start":{"line":119,"column":16},"end":{"line":119,"column":16}}]},"7":{"line":144,"type":"if","locations":[{"start":{"line":144,"column":20},"end":{"line":144,"column":20}},{"start":{"line":144,"column":20},"end":{"line":144,"column":20}}]},"8":{"line":147,"type":"if","locations":[{"start":{"line":147,"column":20},"end":{"line":147,"column":20}},{"start":{"line":147,"column":20},"end":{"line":147,"column":20}}]},"9":{"line":163,"type":"if","locations":[{"start":{"line":163,"column":28},"end":{"line":163,"column":28}},{"start":{"line":163,"column":28},"end":{"line":163,"column":28}}]}}},"C:\\Users\\niek\\Documents\\GitHub\\webs5\\models\\user.js":{"path":"C:\\Users\\niek\\Documents\\GitHub\\webs5\\models\\user.js","s":{"1":1,"2":1,"3":1,"4":1,"5":1,"6":1,"7":0,"8":0,"9":0,"10":1,"11":0,"12":0,"13":0,"14":1,"15":0,"16":1,"17":0,"18":1,"19":1},"b":{"1":[0,0],"2":[0,0]},"f":{"1":1,"2":0,"3":0,"4":0,"5":0},"fnMap":{"1":{"name":"init","line":4,"loc":{"start":{"line":4,"column":0},"end":{"line":4,"column":15}}},"2":{"name":"(anonymous_2)","line":31,"loc":{"start":{"line":31,"column":13},"end":{"line":31,"column":25}}},"3":{"name":"(anonymous_3)","line":40,"loc":{"start":{"line":40,"column":13},"end":{"line":40,"column":25}}},"4":{"name":"(anonymous_4)","line":51,"loc":{"start":{"line":51,"column":38},"end":{"line":51,"column":57}}},"5":{"name":"(anonymous_5)","line":56,"loc":{"start":{"line":56,"column":39},"end":{"line":56,"column":58}}}},"statementMap":{"1":{"start":{"line":1,"column":0},"end":{"line":1,"column":35}},"2":{"start":{"line":2,"column":0},"end":{"line":2,"column":40}},"3":{"start":{"line":4,"column":0},"end":{"line":61,"column":1}},"4":{"start":{"line":5,"column":4},"end":{"line":5,"column":43}},"5":{"start":{"line":7,"column":4},"end":{"line":29,"column":11}},"6":{"start":{"line":30,"column":4},"end":{"line":38,"column":11}},"7":{"start":{"line":32,"column":12},"end":{"line":36,"column":13}},"8":{"start":{"line":33,"column":16},"end":{"line":33,"column":73}},"9":{"start":{"line":35,"column":16},"end":{"line":35,"column":40}},"10":{"start":{"line":39,"column":4},"end":{"line":47,"column":11}},"11":{"start":{"line":41,"column":12},"end":{"line":45,"column":13}},"12":{"start":{"line":42,"column":16},"end":{"line":42,"column":40}},"13":{"start":{"line":44,"column":16},"end":{"line":44,"column":41}},"14":{"start":{"line":51,"column":4},"end":{"line":53,"column":6}},"15":{"start":{"line":52,"column":8},"end":{"line":52,"column":70}},"16":{"start":{"line":56,"column":4},"end":{"line":58,"column":6}},"17":{"start":{"line":57,"column":8},"end":{"line":57,"column":65}},"18":{"start":{"line":60,"column":4},"end":{"line":60,"column":45}},"19":{"start":{"line":63,"column":0},"end":{"line":63,"column":24}}},"branchMap":{"1":{"line":32,"type":"if","locations":[{"start":{"line":32,"column":12},"end":{"line":32,"column":12}},{"start":{"line":32,"column":12},"end":{"line":32,"column":12}}]},"2":{"line":41,"type":"if","locations":[{"start":{"line":41,"column":12},"end":{"line":41,"column":12}},{"start":{"line":41,"column":12},"end":{"line":41,"column":12}}]}}},"C:\\Users\\niek\\Documents\\GitHub\\webs5\\config\\auth.js":{"path":"C:\\Users\\niek\\Documents\\GitHub\\webs5\\config\\auth.js","s":{"1":1},"b":{},"f":{},"fnMap":{},"statementMap":{"1":{"start":{"line":4,"column":0},"end":{"line":11,"column":2}}},"branchMap":{}},"C:\\Users\\niek\\Documents\\GitHub\\webs5\\models\\race.js":{"path":"C:\\Users\\niek\\Documents\\GitHub\\webs5\\models\\race.js","s":{"1":1,"2":1,"3":1,"4":1,"5":1,"6":1},"b":{},"f":{"1":1},"fnMap":{"1":{"name":"init","line":6,"loc":{"start":{"line":6,"column":0},"end":{"line":6,"column":23}}}},"statementMap":{"1":{"start":{"line":6,"column":0},"end":{"line":29,"column":1}},"2":{"start":{"line":7,"column":4},"end":{"line":7,"column":43}},"3":{"start":{"line":9,"column":4},"end":{"line":10,"column":35}},"4":{"start":{"line":11,"column":4},"end":{"line":27,"column":11}},"5":{"start":{"line":28,"column":4},"end":{"line":28,"column":34}},"6":{"start":{"line":31,"column":0},"end":{"line":31,"column":22}}},"branchMap":{}},"C:\\Users\\niek\\Documents\\GitHub\\webs5\\models\\wayPoint.js":{"path":"C:\\Users\\niek\\Documents\\GitHub\\webs5\\models\\wayPoint.js","s":{"1":1,"2":1,"3":1,"4":1,"5":1,"6":1},"b":{},"f":{"1":1},"fnMap":{"1":{"name":"init","line":6,"loc":{"start":{"line":6,"column":0},"end":{"line":6,"column":23}}}},"statementMap":{"1":{"start":{"line":6,"column":0},"end":{"line":24,"column":1}},"2":{"start":{"line":7,"column":4},"end":{"line":7,"column":47}},"3":{"start":{"line":8,"column":4},"end":{"line":9,"column":35}},"4":{"start":{"line":10,"column":4},"end":{"line":22,"column":11}},"5":{"start":{"line":23,"column":4},"end":{"line":23,"column":38}},"6":{"start":{"line":26,"column":0},"end":{"line":26,"column":22}}},"branchMap":{}},"C:\\Users\\niek\\Documents\\GitHub\\webs5\\routes\\routes.js":{"path":"C:\\Users\\niek\\Documents\\GitHub\\webs5\\routes\\routes.js","s":{"1":1,"2":1,"3":1,"4":1,"5":0,"6":1,"7":0,"8":0,"9":1,"10":0,"11":0,"12":1,"13":1,"14":0,"15":1,"16":0,"17":0,"18":1,"19":1,"20":1,"21":1,"22":0,"23":0,"24":0,"25":1},"b":{"1":[0,0]},"f":{"1":0,"2":0,"3":0,"4":0,"5":0,"6":0},"fnMap":{"1":{"name":"(anonymous_1)","line":9,"loc":{"start":{"line":9,"column":22},"end":{"line":9,"column":41}}},"2":{"name":"(anonymous_2)","line":12,"loc":{"start":{"line":12,"column":28},"end":{"line":12,"column":47}}},"3":{"name":"(anonymous_3)","line":16,"loc":{"start":{"line":16,"column":27},"end":{"line":16,"column":46}}},"4":{"name":"(anonymous_4)","line":27,"loc":{"start":{"line":27,"column":41},"end":{"line":27,"column":60}}},"5":{"name":"(anonymous_5)","line":32,"loc":{"start":{"line":32,"column":28},"end":{"line":32,"column":47}}},"6":{"name":"isLoggedIn","line":58,"loc":{"start":{"line":58,"column":0},"end":{"line":58,"column":36}}}},"statementMap":{"1":{"start":{"line":5,"column":0},"end":{"line":5,"column":33}},"2":{"start":{"line":6,"column":0},"end":{"line":6,"column":35}},"3":{"start":{"line":7,"column":0},"end":{"line":7,"column":23}},"4":{"start":{"line":9,"column":0},"end":{"line":11,"column":3}},"5":{"start":{"line":10,"column":4},"end":{"line":10,"column":37}},"6":{"start":{"line":12,"column":0},"end":{"line":15,"column":3}},"7":{"start":{"line":13,"column":4},"end":{"line":13,"column":50}},"8":{"start":{"line":14,"column":4},"end":{"line":14,"column":65}},"9":{"start":{"line":16,"column":0},"end":{"line":19,"column":3}},"10":{"start":{"line":17,"column":4},"end":{"line":17,"column":49}},"11":{"start":{"line":18,"column":4},"end":{"line":18,"column":64}},"12":{"start":{"line":21,"column":0},"end":{"line":25,"column":4}},"13":{"start":{"line":27,"column":0},"end":{"line":31,"column":3}},"14":{"start":{"line":28,"column":4},"end":{"line":30,"column":7}},"15":{"start":{"line":32,"column":0},"end":{"line":35,"column":3}},"16":{"start":{"line":33,"column":4},"end":{"line":33,"column":17}},"17":{"start":{"line":34,"column":4},"end":{"line":34,"column":22}},"18":{"start":{"line":36,"column":0},"end":{"line":40,"column":4}},"19":{"start":{"line":48,"column":0},"end":{"line":48,"column":100}},"20":{"start":{"line":51,"column":0},"end":{"line":55,"column":8}},"21":{"start":{"line":58,"column":0},"end":{"line":66,"column":1}},"22":{"start":{"line":61,"column":4},"end":{"line":62,"column":22}},"23":{"start":{"line":62,"column":8},"end":{"line":62,"column":22}},"24":{"start":{"line":65,"column":4},"end":{"line":65,"column":22}},"25":{"start":{"line":68,"column":0},"end":{"line":68,"column":24}}},"branchMap":{"1":{"line":61,"type":"if","locations":[{"start":{"line":61,"column":4},"end":{"line":61,"column":4}},{"start":{"line":61,"column":4},"end":{"line":61,"column":4}}]}}},"C:\\Users\\niek\\Documents\\GitHub\\webs5\\routes\\users.js":{"path":"C:\\Users\\niek\\Documents\\GitHub\\webs5\\routes\\users.js","s":{"1":1,"2":1,"3":1,"4":1,"5":1,"6":1,"7":1,"8":1,"9":0,"10":0,"11":0,"12":0,"13":0,"14":0,"15":0,"16":0,"17":0,"18":0,"19":0,"20":0,"21":0,"22":0,"23":0,"24":1,"25":0,"26":0,"27":0,"28":0,"29":0,"30":0,"31":0,"32":0,"33":1,"34":0,"35":0,"36":0,"37":0,"38":0,"39":0,"40":0,"41":0,"42":0,"43":0,"44":0,"45":0,"46":0,"47":0,"48":1,"49":0,"50":0,"51":0,"52":0,"53":0,"54":0,"55":0,"56":0,"57":0,"58":0,"59":0,"60":0,"61":1,"62":1,"63":1,"64":1,"65":1,"66":1,"67":1,"68":1},"b":{"1":[0,0],"2":[0,0],"3":[0,0],"4":[0,0],"5":[0,0],"6":[0,0],"7":[0,0],"8":[0,0],"9":[0,0],"10":[0,0],"11":[0,0]},"f":{"1":0,"2":0,"3":0,"4":0,"5":0,"6":0,"7":0,"8":0,"9":0,"10":0,"11":1},"fnMap":{"1":{"name":"getUser","line":9,"loc":{"start":{"line":9,"column":0},"end":{"line":9,"column":26}}},"2":{"name":"(anonymous_2)","line":18,"loc":{"start":{"line":18,"column":14},"end":{"line":18,"column":33}}},"3":{"name":"getUserPaged","line":36,"loc":{"start":{"line":36,"column":0},"end":{"line":36,"column":31}}},"4":{"name":"(anonymous_4)","line":42,"loc":{"start":{"line":42,"column":12},"end":{"line":42,"column":32}}},"5":{"name":"deleteUser","line":56,"loc":{"start":{"line":56,"column":0},"end":{"line":56,"column":29}}},"6":{"name":"(anonymous_6)","line":61,"loc":{"start":{"line":61,"column":14},"end":{"line":61,"column":33}}},"7":{"name":"(anonymous_7)","line":64,"loc":{"start":{"line":64,"column":43},"end":{"line":64,"column":66}}},"8":{"name":"updateUser","line":75,"loc":{"start":{"line":75,"column":0},"end":{"line":75,"column":29}}},"9":{"name":"(anonymous_9)","line":76,"loc":{"start":{"line":76,"column":39},"end":{"line":76,"column":58}}},"10":{"name":"(anonymous_10)","line":83,"loc":{"start":{"line":83,"column":13},"end":{"line":83,"column":26}}},"11":{"name":"(anonymous_11)","line":102,"loc":{"start":{"line":102,"column":17},"end":{"line":102,"column":49}}}},"statementMap":{"1":{"start":{"line":1,"column":0},"end":{"line":1,"column":33}},"2":{"start":{"line":2,"column":0},"end":{"line":2,"column":30}},"3":{"start":{"line":3,"column":0},"end":{"line":3,"column":47}},"4":{"start":{"line":4,"column":0},"end":{"line":4,"column":35}},"5":{"start":{"line":5,"column":0},"end":{"line":5,"column":23}},"6":{"start":{"line":6,"column":0},"end":{"line":6,"column":9}},"7":{"start":{"line":7,"column":0},"end":{"line":7,"column":16}},"8":{"start":{"line":9,"column":0},"end":{"line":34,"column":1}},"9":{"start":{"line":10,"column":2},"end":{"line":10,"column":17}},"10":{"start":{"line":12,"column":2},"end":{"line":14,"column":3}},"11":{"start":{"line":13,"column":4},"end":{"line":13,"column":30}},"12":{"start":{"line":16,"column":2},"end":{"line":16,"column":32}},"13":{"start":{"line":17,"column":2},"end":{"line":17,"column":34}},"14":{"start":{"line":18,"column":2},"end":{"line":33,"column":5}},"15":{"start":{"line":19,"column":4},"end":{"line":19,"column":31}},"16":{"start":{"line":20,"column":4},"end":{"line":20,"column":54}},"17":{"start":{"line":20,"column":13},"end":{"line":20,"column":52}},"18":{"start":{"line":23,"column":4},"end":{"line":25,"column":5}},"19":{"start":{"line":24,"column":6},"end":{"line":24,"column":21}},"20":{"start":{"line":27,"column":4},"end":{"line":27,"column":36}},"21":{"start":{"line":28,"column":4},"end":{"line":32,"column":5}},"22":{"start":{"line":29,"column":6},"end":{"line":29,"column":21}},"23":{"start":{"line":31,"column":6},"end":{"line":31,"column":54}},"24":{"start":{"line":36,"column":0},"end":{"line":54,"column":1}},"25":{"start":{"line":37,"column":2},"end":{"line":37,"column":22}},"26":{"start":{"line":39,"column":6},"end":{"line":53,"column":9}},"27":{"start":{"line":43,"column":8},"end":{"line":45,"column":10}},"28":{"start":{"line":46,"column":8},"end":{"line":46,"column":58}},"29":{"start":{"line":46,"column":17},"end":{"line":46,"column":56}},"30":{"start":{"line":48,"column":8},"end":{"line":52,"column":9}},"31":{"start":{"line":49,"column":10},"end":{"line":49,"column":25}},"32":{"start":{"line":51,"column":10},"end":{"line":51,"column":58}},"33":{"start":{"line":56,"column":0},"end":{"line":74,"column":1}},"34":{"start":{"line":57,"column":2},"end":{"line":57,"column":17}},"35":{"start":{"line":58,"column":2},"end":{"line":58,"column":28}},"36":{"start":{"line":60,"column":2},"end":{"line":60,"column":32}},"37":{"start":{"line":61,"column":2},"end":{"line":73,"column":5}},"38":{"start":{"line":62,"column":4},"end":{"line":72,"column":5}},"39":{"start":{"line":63,"column":6},"end":{"line":63,"column":56}},"40":{"start":{"line":63,"column":15},"end":{"line":63,"column":54}},"41":{"start":{"line":64,"column":6},"end":{"line":69,"column":9}},"42":{"start":{"line":65,"column":8},"end":{"line":65,"column":58}},"43":{"start":{"line":65,"column":17},"end":{"line":65,"column":56}},"44":{"start":{"line":66,"column":8},"end":{"line":66,"column":41}},"45":{"start":{"line":67,"column":8},"end":{"line":67,"column":24}},"46":{"start":{"line":68,"column":8},"end":{"line":68,"column":49}},"47":{"start":{"line":71,"column":6},"end":{"line":71,"column":61}},"48":{"start":{"line":75,"column":0},"end":{"line":89,"column":1}},"49":{"start":{"line":76,"column":2},"end":{"line":88,"column":5}},"50":{"start":{"line":77,"column":4},"end":{"line":77,"column":54}},"51":{"start":{"line":77,"column":13},"end":{"line":77,"column":52}},"52":{"start":{"line":78,"column":4},"end":{"line":78,"column":24}},"53":{"start":{"line":79,"column":4},"end":{"line":79,"column":33}},"54":{"start":{"line":80,"column":4},"end":{"line":80,"column":39}},"55":{"start":{"line":81,"column":4},"end":{"line":81,"column":43}},"56":{"start":{"line":83,"column":4},"end":{"line":87,"column":7}},"57":{"start":{"line":84,"column":6},"end":{"line":84,"column":56}},"58":{"start":{"line":84,"column":15},"end":{"line":84,"column":54}},"59":{"start":{"line":85,"column":6},"end":{"line":85,"column":39}},"60":{"start":{"line":86,"column":6},"end":{"line":86,"column":20}},"61":{"start":{"line":92,"column":0},"end":{"line":93,"column":18}},"62":{"start":{"line":95,"column":0},"end":{"line":98,"column":24}},"63":{"start":{"line":99,"column":0},"end":{"line":100,"column":23}},"64":{"start":{"line":102,"column":0},"end":{"line":107,"column":2}},"65":{"start":{"line":103,"column":2},"end":{"line":103,"column":50}},"66":{"start":{"line":104,"column":2},"end":{"line":104,"column":32}},"67":{"start":{"line":105,"column":2},"end":{"line":105,"column":28}},"68":{"start":{"line":106,"column":2},"end":{"line":106,"column":16}}},"branchMap":{"1":{"line":12,"type":"if","locations":[{"start":{"line":12,"column":2},"end":{"line":12,"column":2}},{"start":{"line":12,"column":2},"end":{"line":12,"column":2}}]},"2":{"line":20,"type":"if","locations":[{"start":{"line":20,"column":4},"end":{"line":20,"column":4}},{"start":{"line":20,"column":4},"end":{"line":20,"column":4}}]},"3":{"line":23,"type":"if","locations":[{"start":{"line":23,"column":4},"end":{"line":23,"column":4}},{"start":{"line":23,"column":4},"end":{"line":23,"column":4}}]},"4":{"line":28,"type":"if","locations":[{"start":{"line":28,"column":4},"end":{"line":28,"column":4}},{"start":{"line":28,"column":4},"end":{"line":28,"column":4}}]},"5":{"line":46,"type":"if","locations":[{"start":{"line":46,"column":8},"end":{"line":46,"column":8}},{"start":{"line":46,"column":8},"end":{"line":46,"column":8}}]},"6":{"line":48,"type":"if","locations":[{"start":{"line":48,"column":8},"end":{"line":48,"column":8}},{"start":{"line":48,"column":8},"end":{"line":48,"column":8}}]},"7":{"line":62,"type":"if","locations":[{"start":{"line":62,"column":4},"end":{"line":62,"column":4}},{"start":{"line":62,"column":4},"end":{"line":62,"column":4}}]},"8":{"line":63,"type":"if","locations":[{"start":{"line":63,"column":6},"end":{"line":63,"column":6}},{"start":{"line":63,"column":6},"end":{"line":63,"column":6}}]},"9":{"line":65,"type":"if","locations":[{"start":{"line":65,"column":8},"end":{"line":65,"column":8}},{"start":{"line":65,"column":8},"end":{"line":65,"column":8}}]},"10":{"line":77,"type":"if","locations":[{"start":{"line":77,"column":4},"end":{"line":77,"column":4}},{"start":{"line":77,"column":4},"end":{"line":77,"column":4}}]},"11":{"line":84,"type":"if","locations":[{"start":{"line":84,"column":6},"end":{"line":84,"column":6}},{"start":{"line":84,"column":6},"end":{"line":84,"column":6}}]}}},"C:\\Users\\niek\\Documents\\GitHub\\webs5\\socket\\socket.js":{"path":"C:\\Users\\niek\\Documents\\GitHub\\webs5\\socket\\socket.js","s":{"1":1,"2":1,"3":0,"4":0,"5":1,"6":0,"7":0,"8":1,"9":3,"10":3,"11":0,"12":0,"13":0,"14":3},"b":{"1":[0,0],"2":[0,3],"3":[3,3]},"f":{"1":0,"2":0,"3":0,"4":3},"fnMap":{"1":{"name":"init","line":3,"loc":{"start":{"line":3,"column":0},"end":{"line":3,"column":15}}},"2":{"name":"(anonymous_2)","line":4,"loc":{"start":{"line":4,"column":32},"end":{"line":4,"column":48}}},"3":{"name":"sendmsg","line":9,"loc":{"start":{"line":9,"column":0},"end":{"line":9,"column":27}}},"4":{"name":"(anonymous_4)","line":15,"loc":{"start":{"line":15,"column":17},"end":{"line":15,"column":31}}}},"statementMap":{"1":{"start":{"line":1,"column":0},"end":{"line":1,"column":7}},"2":{"start":{"line":3,"column":0},"end":{"line":7,"column":1}},"3":{"start":{"line":4,"column":4},"end":{"line":6,"column":7}},"4":{"start":{"line":5,"column":8},"end":{"line":5,"column":40}},"5":{"start":{"line":9,"column":0},"end":{"line":13,"column":1}},"6":{"start":{"line":10,"column":4},"end":{"line":12,"column":5}},"7":{"start":{"line":11,"column":8},"end":{"line":11,"column":40}},"8":{"start":{"line":15,"column":0},"end":{"line":29,"column":2}},"9":{"start":{"line":16,"column":4},"end":{"line":16,"column":46}},"10":{"start":{"line":17,"column":4},"end":{"line":21,"column":5}},"11":{"start":{"line":18,"column":8},"end":{"line":18,"column":37}},"12":{"start":{"line":19,"column":8},"end":{"line":19,"column":48}},"13":{"start":{"line":20,"column":8},"end":{"line":20,"column":15}},"14":{"start":{"line":26,"column":4},"end":{"line":28,"column":6}}},"branchMap":{"1":{"line":10,"type":"if","locations":[{"start":{"line":10,"column":4},"end":{"line":10,"column":4}},{"start":{"line":10,"column":4},"end":{"line":10,"column":4}}]},"2":{"line":17,"type":"if","locations":[{"start":{"line":17,"column":4},"end":{"line":17,"column":4}},{"start":{"line":17,"column":4},"end":{"line":17,"column":4}}]},"3":{"line":17,"type":"binary-expr","locations":[{"start":{"line":17,"column":7},"end":{"line":17,"column":10}},{"start":{"line":17,"column":14},"end":{"line":17,"column":18}}]}}},"C:\\Users\\niek\\Documents\\GitHub\\webs5\\routes\\races.js":{"path":"C:\\Users\\niek\\Documents\\GitHub\\webs5\\routes\\races.js","s":{"1":1,"2":1,"3":1,"4":1,"5":1,"6":1,"7":1,"8":1,"9":1,"10":1,"11":0,"12":0,"13":0,"14":0,"15":0,"16":0,"17":0,"18":0,"19":0,"20":0,"21":0,"22":0,"23":0,"24":0,"25":0,"26":0,"27":0,"28":0,"29":0,"30":0,"31":0,"32":0,"33":0,"34":0,"35":0,"36":0,"37":0,"38":1,"39":0,"40":0,"41":0,"42":0,"43":0,"44":0,"45":0,"46":0,"47":1,"48":0,"49":0,"50":0,"51":0,"52":0,"53":0,"54":0,"55":1,"56":0,"57":0,"58":0,"59":0,"60":0,"61":0,"62":0,"63":0,"64":0,"65":0,"66":0,"67":0,"68":0,"69":0,"70":0,"71":0,"72":0,"73":0,"74":0,"75":0,"76":0,"77":0,"78":1,"79":0,"80":0,"81":0,"82":0,"83":0,"84":0,"85":0,"86":0,"87":0,"88":0,"89":0,"90":0,"91":0,"92":0,"93":0,"94":1,"95":0,"96":0,"97":0,"98":0,"99":0,"100":0,"101":0,"102":0,"103":0,"104":0,"105":0,"106":0,"107":0,"108":0,"109":0,"110":0,"111":0,"112":0,"113":0,"114":0,"115":0,"116":0,"117":1,"118":0,"119":0,"120":0,"121":0,"122":0,"123":0,"124":0,"125":1,"126":0,"127":0,"128":0,"129":0,"130":0,"131":0,"132":0,"133":0,"134":0,"135":0,"136":0,"137":0,"138":0,"139":0,"140":0,"141":0,"142":0,"143":0,"144":0,"145":0,"146":0,"147":0,"148":0,"149":0,"150":1,"151":0,"152":0,"153":0,"154":0,"155":0,"156":0,"157":0,"158":0,"159":0,"160":0,"161":0,"162":0,"163":0,"164":0,"165":0,"166":0,"167":0,"168":0,"169":0,"170":0,"171":0,"172":0,"173":0,"174":0,"175":1,"176":0,"177":0,"178":0,"179":0,"180":0,"181":0,"182":0,"183":1,"184":0,"185":0,"186":0,"187":0,"188":0,"189":0,"190":0,"191":0,"192":0,"193":0,"194":0,"195":0,"196":0,"197":0,"198":0,"199":0,"200":0,"201":0,"202":0,"203":0,"204":1,"205":1,"206":1,"207":1,"208":1,"209":1,"210":1,"211":1,"212":1,"213":1,"214":1,"215":1,"216":1,"217":1},"b":{"1":[0,0],"2":[0,0],"3":[0,0],"4":[0,0],"5":[0,0],"6":[0,0],"7":[0,0],"8":[0,0],"9":[0,0],"10":[0,0],"11":[0,0],"12":[0,0],"13":[0,0],"14":[0,0],"15":[0,0],"16":[0,0],"17":[0,0],"18":[0,0],"19":[0,0],"20":[0,0],"21":[0,0],"22":[0,0],"23":[0,0],"24":[0,0],"25":[0,0],"26":[0,0],"27":[0,0],"28":[0,0],"29":[0,0],"30":[0,0],"31":[0,0],"32":[0,0],"33":[0,0],"34":[0,0],"35":[0,0],"36":[0,0],"37":[0,0]},"f":{"1":0,"2":0,"3":0,"4":0,"5":0,"6":0,"7":0,"8":0,"9":0,"10":0,"11":0,"12":0,"13":0,"14":0,"15":0,"16":0,"17":0,"18":0,"19":0,"20":0,"21":0,"22":0,"23":0,"24":0,"25":0,"26":0,"27":0,"28":0,"29":0,"30":0,"31":0,"32":0,"33":1},"fnMap":{"1":{"name":"getRace","line":21,"loc":{"start":{"line":21,"column":0},"end":{"line":21,"column":26}}},"2":{"name":"(anonymous_2)","line":41,"loc":{"start":{"line":41,"column":16},"end":{"line":41,"column":35}}},"3":{"name":"getRacePaged","line":65,"loc":{"start":{"line":65,"column":0},"end":{"line":65,"column":31}}},"4":{"name":"(anonymous_4)","line":71,"loc":{"start":{"line":71,"column":14},"end":{"line":71,"column":34}}},"5":{"name":"addRace","line":86,"loc":{"start":{"line":86,"column":0},"end":{"line":86,"column":26}}},"6":{"name":"(anonymous_6)","line":88,"loc":{"start":{"line":88,"column":18},"end":{"line":88,"column":42}}},"7":{"name":"deleteRace","line":99,"loc":{"start":{"line":99,"column":0},"end":{"line":99,"column":29}}},"8":{"name":"(anonymous_8)","line":104,"loc":{"start":{"line":104,"column":16},"end":{"line":104,"column":35}}},"9":{"name":"(anonymous_9)","line":110,"loc":{"start":{"line":110,"column":61},"end":{"line":110,"column":84}}},"10":{"name":"(anonymous_10)","line":114,"loc":{"start":{"line":114,"column":53},"end":{"line":114,"column":76}}},"11":{"name":"updateRace","line":130,"loc":{"start":{"line":130,"column":0},"end":{"line":130,"column":29}}},"12":{"name":"(anonymous_12)","line":131,"loc":{"start":{"line":131,"column":41},"end":{"line":131,"column":60}}},"13":{"name":"(anonymous_13)","line":141,"loc":{"start":{"line":141,"column":17},"end":{"line":141,"column":30}}},"14":{"name":"addWayPoint","line":149,"loc":{"start":{"line":149,"column":0},"end":{"line":149,"column":30}}},"15":{"name":"(anonymous_15)","line":153,"loc":{"start":{"line":153,"column":16},"end":{"line":153,"column":35}}},"16":{"name":"(anonymous_16)","line":157,"loc":{"start":{"line":157,"column":24},"end":{"line":157,"column":52}}},"17":{"name":"(anonymous_17)","line":165,"loc":{"start":{"line":165,"column":90},"end":{"line":165,"column":116}}},"18":{"name":"getRaceWayPoints","line":182,"loc":{"start":{"line":182,"column":0},"end":{"line":182,"column":35}}},"19":{"name":"(anonymous_19)","line":188,"loc":{"start":{"line":188,"column":14},"end":{"line":188,"column":36}}},"20":{"name":"deleteWaypoint","line":195,"loc":{"start":{"line":195,"column":0},"end":{"line":195,"column":33}}},"21":{"name":"(anonymous_21)","line":201,"loc":{"start":{"line":201,"column":16},"end":{"line":201,"column":35}}},"22":{"name":"(anonymous_22)","line":204,"loc":{"start":{"line":204,"column":61},"end":{"line":204,"column":84}}},"23":{"name":"(anonymous_23)","line":215,"loc":{"start":{"line":215,"column":83},"end":{"line":215,"column":109}}},"24":{"name":"addUser","line":228,"loc":{"start":{"line":228,"column":0},"end":{"line":228,"column":26}}},"25":{"name":"(anonymous_25)","line":233,"loc":{"start":{"line":233,"column":16},"end":{"line":233,"column":35}}},"26":{"name":"(anonymous_26)","line":238,"loc":{"start":{"line":238,"column":23},"end":{"line":238,"column":42}}},"27":{"name":"(anonymous_27)","line":245,"loc":{"start":{"line":245,"column":87},"end":{"line":245,"column":113}}},"28":{"name":"getUsers","line":264,"loc":{"start":{"line":264,"column":0},"end":{"line":264,"column":27}}},"29":{"name":"(anonymous_29)","line":270,"loc":{"start":{"line":270,"column":14},"end":{"line":270,"column":36}}},"30":{"name":"deleteUser","line":277,"loc":{"start":{"line":277,"column":0},"end":{"line":277,"column":29}}},"31":{"name":"(anonymous_31)","line":283,"loc":{"start":{"line":283,"column":16},"end":{"line":283,"column":35}}},"32":{"name":"(anonymous_32)","line":294,"loc":{"start":{"line":294,"column":76},"end":{"line":294,"column":102}}},"33":{"name":"(anonymous_33)","line":329,"loc":{"start":{"line":329,"column":17},"end":{"line":329,"column":49}}}},"statementMap":{"1":{"start":{"line":4,"column":0},"end":{"line":4,"column":33}},"2":{"start":{"line":5,"column":0},"end":{"line":5,"column":30}},"3":{"start":{"line":6,"column":0},"end":{"line":6,"column":47}},"4":{"start":{"line":7,"column":0},"end":{"line":7,"column":23}},"5":{"start":{"line":8,"column":0},"end":{"line":8,"column":33}},"6":{"start":{"line":9,"column":0},"end":{"line":9,"column":9}},"7":{"start":{"line":10,"column":0},"end":{"line":10,"column":13}},"8":{"start":{"line":11,"column":0},"end":{"line":11,"column":9}},"9":{"start":{"line":12,"column":0},"end":{"line":12,"column":16}},"10":{"start":{"line":21,"column":0},"end":{"line":63,"column":1}},"11":{"start":{"line":22,"column":4},"end":{"line":22,"column":19}},"12":{"start":{"line":24,"column":4},"end":{"line":26,"column":5}},"13":{"start":{"line":25,"column":8},"end":{"line":25,"column":34}},"14":{"start":{"line":27,"column":4},"end":{"line":30,"column":5}},"15":{"start":{"line":28,"column":8},"end":{"line":28,"column":33}},"16":{"start":{"line":29,"column":8},"end":{"line":29,"column":33}},"17":{"start":{"line":31,"column":4},"end":{"line":34,"column":5}},"18":{"start":{"line":32,"column":8},"end":{"line":32,"column":33}},"19":{"start":{"line":33,"column":8},"end":{"line":33,"column":35}},"20":{"start":{"line":35,"column":4},"end":{"line":38,"column":5}},"21":{"start":{"line":36,"column":8},"end":{"line":36,"column":33}},"22":{"start":{"line":37,"column":8},"end":{"line":37,"column":35}},"23":{"start":{"line":40,"column":4},"end":{"line":40,"column":34}},"24":{"start":{"line":41,"column":4},"end":{"line":62,"column":7}},"25":{"start":{"line":42,"column":8},"end":{"line":42,"column":58}},"26":{"start":{"line":42,"column":17},"end":{"line":42,"column":56}},"27":{"start":{"line":43,"column":8},"end":{"line":43,"column":40}},"28":{"start":{"line":44,"column":8},"end":{"line":58,"column":9}},"29":{"start":{"line":45,"column":12},"end":{"line":45,"column":46}},"30":{"start":{"line":46,"column":12},"end":{"line":46,"column":27}},"31":{"start":{"line":47,"column":12},"end":{"line":51,"column":13}},"32":{"start":{"line":48,"column":16},"end":{"line":48,"column":31}},"33":{"start":{"line":50,"column":16},"end":{"line":50,"column":87}},"34":{"start":{"line":53,"column":12},"end":{"line":57,"column":13}},"35":{"start":{"line":54,"column":16},"end":{"line":54,"column":31}},"36":{"start":{"line":56,"column":16},"end":{"line":56,"column":63}},"37":{"start":{"line":60,"column":8},"end":{"line":60,"column":40}},"38":{"start":{"line":65,"column":0},"end":{"line":83,"column":1}},"39":{"start":{"line":66,"column":4},"end":{"line":66,"column":24}},"40":{"start":{"line":68,"column":4},"end":{"line":82,"column":11}},"41":{"start":{"line":72,"column":12},"end":{"line":74,"column":14}},"42":{"start":{"line":75,"column":12},"end":{"line":75,"column":62}},"43":{"start":{"line":75,"column":21},"end":{"line":75,"column":60}},"44":{"start":{"line":77,"column":12},"end":{"line":81,"column":13}},"45":{"start":{"line":78,"column":16},"end":{"line":78,"column":31}},"46":{"start":{"line":80,"column":16},"end":{"line":80,"column":64}},"47":{"start":{"line":86,"column":0},"end":{"line":97,"column":1}},"48":{"start":{"line":87,"column":4},"end":{"line":87,"column":38}},"49":{"start":{"line":88,"column":4},"end":{"line":96,"column":7}},"50":{"start":{"line":89,"column":8},"end":{"line":95,"column":9}},"51":{"start":{"line":90,"column":12},"end":{"line":90,"column":51}},"52":{"start":{"line":92,"column":12},"end":{"line":92,"column":45}},"53":{"start":{"line":93,"column":12},"end":{"line":93,"column":28}},"54":{"start":{"line":94,"column":12},"end":{"line":94,"column":32}},"55":{"start":{"line":99,"column":0},"end":{"line":128,"column":1}},"56":{"start":{"line":100,"column":4},"end":{"line":100,"column":19}},"57":{"start":{"line":101,"column":4},"end":{"line":101,"column":30}},"58":{"start":{"line":103,"column":4},"end":{"line":103,"column":34}},"59":{"start":{"line":104,"column":4},"end":{"line":127,"column":7}},"60":{"start":{"line":105,"column":8},"end":{"line":126,"column":9}},"61":{"start":{"line":106,"column":12},"end":{"line":123,"column":13}},"62":{"start":{"line":107,"column":16},"end":{"line":107,"column":66}},"63":{"start":{"line":107,"column":25},"end":{"line":107,"column":64}},"64":{"start":{"line":108,"column":16},"end":{"line":108,"column":50}},"65":{"start":{"line":109,"column":16},"end":{"line":113,"column":17}},"66":{"start":{"line":110,"column":20},"end":{"line":112,"column":23}},"67":{"start":{"line":111,"column":24},"end":{"line":111,"column":74}},"68":{"start":{"line":111,"column":33},"end":{"line":111,"column":72}},"69":{"start":{"line":114,"column":16},"end":{"line":119,"column":19}},"70":{"start":{"line":115,"column":20},"end":{"line":115,"column":70}},"71":{"start":{"line":115,"column":29},"end":{"line":115,"column":68}},"72":{"start":{"line":116,"column":20},"end":{"line":116,"column":53}},"73":{"start":{"line":117,"column":20},"end":{"line":117,"column":36}},"74":{"start":{"line":118,"column":20},"end":{"line":118,"column":61}},"75":{"start":{"line":121,"column":16},"end":{"line":121,"column":32}},"76":{"start":{"line":122,"column":16},"end":{"line":122,"column":83}},"77":{"start":{"line":125,"column":12},"end":{"line":125,"column":67}},"78":{"start":{"line":130,"column":0},"end":{"line":147,"column":1}},"79":{"start":{"line":131,"column":4},"end":{"line":146,"column":7}},"80":{"start":{"line":132,"column":8},"end":{"line":132,"column":58}},"81":{"start":{"line":132,"column":17},"end":{"line":132,"column":56}},"82":{"start":{"line":133,"column":8},"end":{"line":133,"column":28}},"83":{"start":{"line":134,"column":8},"end":{"line":134,"column":29}},"84":{"start":{"line":135,"column":8},"end":{"line":135,"column":33}},"85":{"start":{"line":136,"column":8},"end":{"line":136,"column":33}},"86":{"start":{"line":137,"column":8},"end":{"line":137,"column":39}},"87":{"start":{"line":138,"column":8},"end":{"line":138,"column":27}},"88":{"start":{"line":139,"column":8},"end":{"line":139,"column":27}},"89":{"start":{"line":141,"column":8},"end":{"line":145,"column":11}},"90":{"start":{"line":142,"column":12},"end":{"line":142,"column":62}},"91":{"start":{"line":142,"column":21},"end":{"line":142,"column":60}},"92":{"start":{"line":143,"column":12},"end":{"line":143,"column":45}},"93":{"start":{"line":144,"column":12},"end":{"line":144,"column":26}},"94":{"start":{"line":149,"column":0},"end":{"line":180,"column":1}},"95":{"start":{"line":150,"column":4},"end":{"line":150,"column":19}},"96":{"start":{"line":151,"column":4},"end":{"line":151,"column":30}},"97":{"start":{"line":152,"column":4},"end":{"line":152,"column":34}},"98":{"start":{"line":153,"column":4},"end":{"line":179,"column":7}},"99":{"start":{"line":154,"column":8},"end":{"line":178,"column":9}},"100":{"start":{"line":155,"column":12},"end":{"line":175,"column":13}},"101":{"start":{"line":156,"column":16},"end":{"line":156,"column":48}},"102":{"start":{"line":157,"column":16},"end":{"line":172,"column":19}},"103":{"start":{"line":159,"column":20},"end":{"line":171,"column":21}},"104":{"start":{"line":159,"column":29},"end":{"line":159,"column":68}},"105":{"start":{"line":161,"column":24},"end":{"line":161,"column":61}},"106":{"start":{"line":162,"column":24},"end":{"line":162,"column":61}},"107":{"start":{"line":163,"column":24},"end":{"line":163,"column":54}},"108":{"start":{"line":164,"column":24},"end":{"line":164,"column":54}},"109":{"start":{"line":165,"column":24},"end":{"line":170,"column":27}},"110":{"start":{"line":166,"column":28},"end":{"line":166,"column":78}},"111":{"start":{"line":166,"column":37},"end":{"line":166,"column":76}},"112":{"start":{"line":167,"column":28},"end":{"line":167,"column":70}},"113":{"start":{"line":168,"column":28},"end":{"line":168,"column":44}},"114":{"start":{"line":169,"column":28},"end":{"line":169,"column":52}},"115":{"start":{"line":174,"column":16},"end":{"line":174,"column":128}},"116":{"start":{"line":177,"column":12},"end":{"line":177,"column":67}},"117":{"start":{"line":182,"column":0},"end":{"line":193,"column":1}},"118":{"start":{"line":183,"column":4},"end":{"line":183,"column":19}},"119":{"start":{"line":184,"column":4},"end":{"line":184,"column":30}},"120":{"start":{"line":185,"column":4},"end":{"line":192,"column":11}},"121":{"start":{"line":189,"column":12},"end":{"line":189,"column":77}},"122":{"start":{"line":189,"column":21},"end":{"line":189,"column":77}},"123":{"start":{"line":190,"column":12},"end":{"line":190,"column":28}},"124":{"start":{"line":191,"column":12},"end":{"line":191,"column":28}},"125":{"start":{"line":195,"column":0},"end":{"line":226,"column":1}},"126":{"start":{"line":196,"column":4},"end":{"line":196,"column":19}},"127":{"start":{"line":197,"column":4},"end":{"line":197,"column":30}},"128":{"start":{"line":199,"column":4},"end":{"line":199,"column":34}},"129":{"start":{"line":201,"column":4},"end":{"line":225,"column":7}},"130":{"start":{"line":202,"column":8},"end":{"line":224,"column":9}},"131":{"start":{"line":203,"column":12},"end":{"line":203,"column":62}},"132":{"start":{"line":203,"column":21},"end":{"line":203,"column":60}},"133":{"start":{"line":204,"column":12},"end":{"line":221,"column":15}},"134":{"start":{"line":205,"column":16},"end":{"line":205,"column":66}},"135":{"start":{"line":205,"column":25},"end":{"line":205,"column":64}},"136":{"start":{"line":206,"column":16},"end":{"line":206,"column":51}},"137":{"start":{"line":207,"column":16},"end":{"line":207,"column":54}},"138":{"start":{"line":208,"column":16},"end":{"line":208,"column":73}},"139":{"start":{"line":209,"column":16},"end":{"line":211,"column":17}},"140":{"start":{"line":210,"column":20},"end":{"line":210,"column":51}},"141":{"start":{"line":213,"column":16},"end":{"line":213,"column":46}},"142":{"start":{"line":214,"column":16},"end":{"line":214,"column":46}},"143":{"start":{"line":215,"column":16},"end":{"line":220,"column":19}},"144":{"start":{"line":216,"column":20},"end":{"line":216,"column":70}},"145":{"start":{"line":216,"column":29},"end":{"line":216,"column":68}},"146":{"start":{"line":217,"column":20},"end":{"line":217,"column":62}},"147":{"start":{"line":218,"column":20},"end":{"line":218,"column":36}},"148":{"start":{"line":219,"column":20},"end":{"line":219,"column":35}},"149":{"start":{"line":223,"column":12},"end":{"line":223,"column":67}},"150":{"start":{"line":228,"column":0},"end":{"line":262,"column":1}},"151":{"start":{"line":230,"column":4},"end":{"line":230,"column":19}},"152":{"start":{"line":231,"column":4},"end":{"line":231,"column":29}},"153":{"start":{"line":232,"column":4},"end":{"line":232,"column":34}},"154":{"start":{"line":233,"column":4},"end":{"line":261,"column":7}},"155":{"start":{"line":234,"column":7},"end":{"line":260,"column":8}},"156":{"start":{"line":235,"column":11},"end":{"line":235,"column":22}},"157":{"start":{"line":236,"column":11},"end":{"line":236,"column":37}},"158":{"start":{"line":237,"column":11},"end":{"line":237,"column":37}},"159":{"start":{"line":238,"column":11},"end":{"line":257,"column":14}},"160":{"start":{"line":239,"column":15},"end":{"line":256,"column":16}},"161":{"start":{"line":240,"column":19},"end":{"line":253,"column":20}},"162":{"start":{"line":241,"column":23},"end":{"line":241,"column":58}},"163":{"start":{"line":242,"column":23},"end":{"line":242,"column":52}},"164":{"start":{"line":243,"column":23},"end":{"line":243,"column":53}},"165":{"start":{"line":244,"column":23},"end":{"line":244,"column":53}},"166":{"start":{"line":245,"column":23},"end":{"line":250,"column":26}},"167":{"start":{"line":246,"column":27},"end":{"line":246,"column":77}},"168":{"start":{"line":246,"column":36},"end":{"line":246,"column":75}},"169":{"start":{"line":247,"column":27},"end":{"line":247,"column":69}},"170":{"start":{"line":248,"column":27},"end":{"line":248,"column":43}},"171":{"start":{"line":249,"column":27},"end":{"line":249,"column":63}},"172":{"start":{"line":252,"column":23},"end":{"line":252,"column":137}},"173":{"start":{"line":255,"column":19},"end":{"line":255,"column":74}},"174":{"start":{"line":259,"column":11},"end":{"line":259,"column":66}},"175":{"start":{"line":264,"column":0},"end":{"line":275,"column":1}},"176":{"start":{"line":265,"column":4},"end":{"line":265,"column":19}},"177":{"start":{"line":266,"column":4},"end":{"line":266,"column":30}},"178":{"start":{"line":267,"column":4},"end":{"line":274,"column":11}},"179":{"start":{"line":271,"column":12},"end":{"line":271,"column":75}},"180":{"start":{"line":271,"column":21},"end":{"line":271,"column":75}},"181":{"start":{"line":272,"column":12},"end":{"line":272,"column":28}},"182":{"start":{"line":273,"column":12},"end":{"line":273,"column":28}},"183":{"start":{"line":277,"column":0},"end":{"line":304,"column":1}},"184":{"start":{"line":278,"column":4},"end":{"line":278,"column":19}},"185":{"start":{"line":279,"column":4},"end":{"line":279,"column":30}},"186":{"start":{"line":281,"column":4},"end":{"line":281,"column":34}},"187":{"start":{"line":283,"column":4},"end":{"line":303,"column":7}},"188":{"start":{"line":284,"column":8},"end":{"line":302,"column":9}},"189":{"start":{"line":285,"column":12},"end":{"line":285,"column":62}},"190":{"start":{"line":285,"column":21},"end":{"line":285,"column":60}},"191":{"start":{"line":286,"column":12},"end":{"line":286,"column":47}},"192":{"start":{"line":287,"column":12},"end":{"line":287,"column":61}},"193":{"start":{"line":288,"column":12},"end":{"line":290,"column":13}},"194":{"start":{"line":289,"column":16},"end":{"line":289,"column":43}},"195":{"start":{"line":292,"column":12},"end":{"line":292,"column":42}},"196":{"start":{"line":293,"column":12},"end":{"line":293,"column":42}},"197":{"start":{"line":294,"column":12},"end":{"line":299,"column":15}},"198":{"start":{"line":295,"column":16},"end":{"line":295,"column":66}},"199":{"start":{"line":295,"column":25},"end":{"line":295,"column":64}},"200":{"start":{"line":296,"column":16},"end":{"line":296,"column":58}},"201":{"start":{"line":297,"column":16},"end":{"line":297,"column":32}},"202":{"start":{"line":298,"column":16},"end":{"line":298,"column":52}},"203":{"start":{"line":301,"column":12},"end":{"line":301,"column":69}},"204":{"start":{"line":307,"column":0},"end":{"line":309,"column":19}},"205":{"start":{"line":311,"column":0},"end":{"line":314,"column":24}},"206":{"start":{"line":315,"column":0},"end":{"line":317,"column":27}},"207":{"start":{"line":318,"column":0},"end":{"line":319,"column":28}},"208":{"start":{"line":320,"column":0},"end":{"line":322,"column":19}},"209":{"start":{"line":323,"column":0},"end":{"line":324,"column":24}},"210":{"start":{"line":325,"column":0},"end":{"line":326,"column":23}},"211":{"start":{"line":329,"column":0},"end":{"line":336,"column":2}},"212":{"start":{"line":330,"column":4},"end":{"line":330,"column":52}},"213":{"start":{"line":331,"column":4},"end":{"line":331,"column":34}},"214":{"start":{"line":332,"column":4},"end":{"line":332,"column":42}},"215":{"start":{"line":333,"column":4},"end":{"line":333,"column":34}},"216":{"start":{"line":334,"column":4},"end":{"line":334,"column":30}},"217":{"start":{"line":335,"column":4},"end":{"line":335,"column":18}}},"branchMap":{"1":{"line":24,"type":"if","locations":[{"start":{"line":24,"column":4},"end":{"line":24,"column":4}},{"start":{"line":24,"column":4},"end":{"line":24,"column":4}}]},"2":{"line":27,"type":"if","locations":[{"start":{"line":27,"column":4},"end":{"line":27,"column":4}},{"start":{"line":27,"column":4},"end":{"line":27,"column":4}}]},"3":{"line":31,"type":"if","locations":[{"start":{"line":31,"column":4},"end":{"line":31,"column":4}},{"start":{"line":31,"column":4},"end":{"line":31,"column":4}}]},"4":{"line":35,"type":"if","locations":[{"start":{"line":35,"column":4},"end":{"line":35,"column":4}},{"start":{"line":35,"column":4},"end":{"line":35,"column":4}}]},"5":{"line":42,"type":"if","locations":[{"start":{"line":42,"column":8},"end":{"line":42,"column":8}},{"start":{"line":42,"column":8},"end":{"line":42,"column":8}}]},"6":{"line":44,"type":"if","locations":[{"start":{"line":44,"column":8},"end":{"line":44,"column":8}},{"start":{"line":44,"column":8},"end":{"line":44,"column":8}}]},"7":{"line":47,"type":"if","locations":[{"start":{"line":47,"column":12},"end":{"line":47,"column":12}},{"start":{"line":47,"column":12},"end":{"line":47,"column":12}}]},"8":{"line":53,"type":"if","locations":[{"start":{"line":53,"column":12},"end":{"line":53,"column":12}},{"start":{"line":53,"column":12},"end":{"line":53,"column":12}}]},"9":{"line":75,"type":"if","locations":[{"start":{"line":75,"column":12},"end":{"line":75,"column":12}},{"start":{"line":75,"column":12},"end":{"line":75,"column":12}}]},"10":{"line":77,"type":"if","locations":[{"start":{"line":77,"column":12},"end":{"line":77,"column":12}},{"start":{"line":77,"column":12},"end":{"line":77,"column":12}}]},"11":{"line":89,"type":"if","locations":[{"start":{"line":89,"column":8},"end":{"line":89,"column":8}},{"start":{"line":89,"column":8},"end":{"line":89,"column":8}}]},"12":{"line":105,"type":"if","locations":[{"start":{"line":105,"column":8},"end":{"line":105,"column":8}},{"start":{"line":105,"column":8},"end":{"line":105,"column":8}}]},"13":{"line":106,"type":"if","locations":[{"start":{"line":106,"column":12},"end":{"line":106,"column":12}},{"start":{"line":106,"column":12},"end":{"line":106,"column":12}}]},"14":{"line":107,"type":"if","locations":[{"start":{"line":107,"column":16},"end":{"line":107,"column":16}},{"start":{"line":107,"column":16},"end":{"line":107,"column":16}}]},"15":{"line":111,"type":"if","locations":[{"start":{"line":111,"column":24},"end":{"line":111,"column":24}},{"start":{"line":111,"column":24},"end":{"line":111,"column":24}}]},"16":{"line":115,"type":"if","locations":[{"start":{"line":115,"column":20},"end":{"line":115,"column":20}},{"start":{"line":115,"column":20},"end":{"line":115,"column":20}}]},"17":{"line":132,"type":"if","locations":[{"start":{"line":132,"column":8},"end":{"line":132,"column":8}},{"start":{"line":132,"column":8},"end":{"line":132,"column":8}}]},"18":{"line":142,"type":"if","locations":[{"start":{"line":142,"column":12},"end":{"line":142,"column":12}},{"start":{"line":142,"column":12},"end":{"line":142,"column":12}}]},"19":{"line":154,"type":"if","locations":[{"start":{"line":154,"column":8},"end":{"line":154,"column":8}},{"start":{"line":154,"column":8},"end":{"line":154,"column":8}}]},"20":{"line":155,"type":"if","locations":[{"start":{"line":155,"column":12},"end":{"line":155,"column":12}},{"start":{"line":155,"column":12},"end":{"line":155,"column":12}}]},"21":{"line":159,"type":"if","locations":[{"start":{"line":159,"column":20},"end":{"line":159,"column":20}},{"start":{"line":159,"column":20},"end":{"line":159,"column":20}}]},"22":{"line":166,"type":"if","locations":[{"start":{"line":166,"column":28},"end":{"line":166,"column":28}},{"start":{"line":166,"column":28},"end":{"line":166,"column":28}}]},"23":{"line":189,"type":"if","locations":[{"start":{"line":189,"column":12},"end":{"line":189,"column":12}},{"start":{"line":189,"column":12},"end":{"line":189,"column":12}}]},"24":{"line":202,"type":"if","locations":[{"start":{"line":202,"column":8},"end":{"line":202,"column":8}},{"start":{"line":202,"column":8},"end":{"line":202,"column":8}}]},"25":{"line":203,"type":"if","locations":[{"start":{"line":203,"column":12},"end":{"line":203,"column":12}},{"start":{"line":203,"column":12},"end":{"line":203,"column":12}}]},"26":{"line":205,"type":"if","locations":[{"start":{"line":205,"column":16},"end":{"line":205,"column":16}},{"start":{"line":205,"column":16},"end":{"line":205,"column":16}}]},"27":{"line":209,"type":"if","locations":[{"start":{"line":209,"column":16},"end":{"line":209,"column":16}},{"start":{"line":209,"column":16},"end":{"line":209,"column":16}}]},"28":{"line":216,"type":"if","locations":[{"start":{"line":216,"column":20},"end":{"line":216,"column":20}},{"start":{"line":216,"column":20},"end":{"line":216,"column":20}}]},"29":{"line":234,"type":"if","locations":[{"start":{"line":234,"column":7},"end":{"line":234,"column":7}},{"start":{"line":234,"column":7},"end":{"line":234,"column":7}}]},"30":{"line":239,"type":"if","locations":[{"start":{"line":239,"column":15},"end":{"line":239,"column":15}},{"start":{"line":239,"column":15},"end":{"line":239,"column":15}}]},"31":{"line":240,"type":"if","locations":[{"start":{"line":240,"column":19},"end":{"line":240,"column":19}},{"start":{"line":240,"column":19},"end":{"line":240,"column":19}}]},"32":{"line":246,"type":"if","locations":[{"start":{"line":246,"column":27},"end":{"line":246,"column":27}},{"start":{"line":246,"column":27},"end":{"line":246,"column":27}}]},"33":{"line":271,"type":"if","locations":[{"start":{"line":271,"column":12},"end":{"line":271,"column":12}},{"start":{"line":271,"column":12},"end":{"line":271,"column":12}}]},"34":{"line":284,"type":"if","locations":[{"start":{"line":284,"column":8},"end":{"line":284,"column":8}},{"start":{"line":284,"column":8},"end":{"line":284,"column":8}}]},"35":{"line":285,"type":"if","locations":[{"start":{"line":285,"column":12},"end":{"line":285,"column":12}},{"start":{"line":285,"column":12},"end":{"line":285,"column":12}}]},"36":{"line":288,"type":"if","locations":[{"start":{"line":288,"column":12},"end":{"line":288,"column":12}},{"start":{"line":288,"column":12},"end":{"line":288,"column":12}}]},"37":{"line":295,"type":"if","locations":[{"start":{"line":295,"column":16},"end":{"line":295,"column":16}},{"start":{"line":295,"column":16},"end":{"line":295,"column":16}}]}}},"C:\\Users\\niek\\Documents\\GitHub\\webs5\\routes\\wayPoints.js":{"path":"C:\\Users\\niek\\Documents\\GitHub\\webs5\\routes\\wayPoints.js","s":{"1":1,"2":1,"3":1,"4":1,"5":1,"6":1,"7":1,"8":1,"9":1,"10":1,"11":1,"12":1,"13":0,"14":0,"15":0,"16":0,"17":0,"18":0,"19":0,"20":0,"21":0,"22":0,"23":0,"24":0,"25":0,"26":0,"27":0,"28":0,"29":1,"30":0,"31":0,"32":0,"33":0,"34":0,"35":0,"36":0,"37":0,"38":0,"39":0,"40":0,"41":0,"42":0,"43":0,"44":0,"45":0,"46":0,"47":0,"48":0,"49":0,"50":0,"51":0,"52":0,"53":0,"54":0,"55":0,"56":0,"57":0,"58":0,"59":0,"60":0,"61":0,"62":0,"63":0,"64":0,"65":0,"66":1,"67":1,"68":1,"69":1,"70":1,"71":1,"72":1,"73":1,"74":1},"b":{"1":[0,0],"2":[0,0],"3":[0,0],"4":[0,0],"5":[0,0],"6":[0,0]},"f":{"1":0,"2":0,"3":0,"4":0,"5":0,"6":0,"7":0,"8":0,"9":0,"10":0,"11":0,"12":1},"fnMap":{"1":{"name":"getWayPoint","line":13,"loc":{"start":{"line":13,"column":0},"end":{"line":13,"column":30}}},"2":{"name":"(anonymous_2)","line":20,"loc":{"start":{"line":20,"column":16},"end":{"line":20,"column":35}}},"3":{"name":"(anonymous_3)","line":23,"loc":{"start":{"line":23,"column":12},"end":{"line":23,"column":30}}},"4":{"name":"(anonymous_4)","line":29,"loc":{"start":{"line":29,"column":26},"end":{"line":29,"column":48}}},"5":{"name":"(anonymous_5)","line":34,"loc":{"start":{"line":34,"column":12},"end":{"line":34,"column":30}}},"6":{"name":"(anonymous_6)","line":36,"loc":{"start":{"line":36,"column":28},"end":{"line":36,"column":61}}},"7":{"name":"(anonymous_7)","line":40,"loc":{"start":{"line":40,"column":11},"end":{"line":40,"column":30}}},"8":{"name":"tagWaypoint","line":46,"loc":{"start":{"line":46,"column":0},"end":{"line":46,"column":31}}},"9":{"name":"(anonymous_9)","line":51,"loc":{"start":{"line":51,"column":16},"end":{"line":51,"column":35}}},"10":{"name":"(anonymous_10)","line":54,"loc":{"start":{"line":54,"column":24},"end":{"line":54,"column":43}}},"11":{"name":"(anonymous_11)","line":79,"loc":{"start":{"line":79,"column":94},"end":{"line":79,"column":120}}},"12":{"name":"(anonymous_12)","line":104,"loc":{"start":{"line":104,"column":17},"end":{"line":104,"column":49}}}},"statementMap":{"1":{"start":{"line":1,"column":0},"end":{"line":1,"column":33}},"2":{"start":{"line":2,"column":0},"end":{"line":2,"column":33}},"3":{"start":{"line":3,"column":0},"end":{"line":3,"column":23}},"4":{"start":{"line":4,"column":0},"end":{"line":4,"column":13}},"5":{"start":{"line":5,"column":0},"end":{"line":5,"column":9}},"6":{"start":{"line":6,"column":0},"end":{"line":6,"column":9}},"7":{"start":{"line":7,"column":0},"end":{"line":7,"column":47}},"8":{"start":{"line":8,"column":0},"end":{"line":8,"column":30}},"9":{"start":{"line":9,"column":0},"end":{"line":9,"column":16}},"10":{"start":{"line":10,"column":0},"end":{"line":10,"column":29}},"11":{"start":{"line":11,"column":0},"end":{"line":11,"column":60}},"12":{"start":{"line":13,"column":0},"end":{"line":44,"column":1}},"13":{"start":{"line":14,"column":4},"end":{"line":14,"column":19}},"14":{"start":{"line":15,"column":4},"end":{"line":17,"column":5}},"15":{"start":{"line":16,"column":8},"end":{"line":16,"column":48}},"16":{"start":{"line":19,"column":4},"end":{"line":19,"column":38}},"17":{"start":{"line":20,"column":4},"end":{"line":43,"column":7}},"18":{"start":{"line":21,"column":8},"end":{"line":21,"column":38}},"19":{"start":{"line":22,"column":8},"end":{"line":42,"column":11}},"20":{"start":{"line":24,"column":16},"end":{"line":24,"column":31}},"21":{"start":{"line":25,"column":16},"end":{"line":25,"column":42}},"22":{"start":{"line":26,"column":16},"end":{"line":32,"column":23}},"23":{"start":{"line":30,"column":24},"end":{"line":30,"column":43}},"24":{"start":{"line":31,"column":24},"end":{"line":31,"column":44}},"25":{"start":{"line":35,"column":16},"end":{"line":35,"column":135}},"26":{"start":{"line":36,"column":16},"end":{"line":38,"column":18}},"27":{"start":{"line":37,"column":20},"end":{"line":37,"column":42}},"28":{"start":{"line":41,"column":12},"end":{"line":41,"column":27}},"29":{"start":{"line":46,"column":0},"end":{"line":97,"column":1}},"30":{"start":{"line":47,"column":4},"end":{"line":47,"column":19}},"31":{"start":{"line":48,"column":4},"end":{"line":48,"column":29}},"32":{"start":{"line":49,"column":4},"end":{"line":49,"column":44}},"33":{"start":{"line":50,"column":4},"end":{"line":50,"column":34}},"34":{"start":{"line":51,"column":4},"end":{"line":96,"column":7}},"35":{"start":{"line":52,"column":8},"end":{"line":95,"column":9}},"36":{"start":{"line":53,"column":12},"end":{"line":53,"column":58}},"37":{"start":{"line":54,"column":12},"end":{"line":92,"column":15}},"38":{"start":{"line":55,"column":16},"end":{"line":91,"column":17}},"39":{"start":{"line":56,"column":20},"end":{"line":56,"column":57}},"40":{"start":{"line":57,"column":20},"end":{"line":57,"column":46}},"41":{"start":{"line":58,"column":20},"end":{"line":58,"column":40}},"42":{"start":{"line":60,"column":20},"end":{"line":72,"column":21}},"43":{"start":{"line":61,"column":24},"end":{"line":61,"column":50}},"44":{"start":{"line":62,"column":24},"end":{"line":62,"column":44}},"45":{"start":{"line":64,"column":24},"end":{"line":71,"column":25}},"46":{"start":{"line":65,"column":28},"end":{"line":65,"column":43}},"47":{"start":{"line":66,"column":28},"end":{"line":66,"column":60}},"48":{"start":{"line":67,"column":28},"end":{"line":67,"column":34}},"49":{"start":{"line":69,"column":28},"end":{"line":69,"column":65}},"50":{"start":{"line":70,"column":28},"end":{"line":70,"column":44}},"51":{"start":{"line":73,"column":20},"end":{"line":87,"column":21}},"52":{"start":{"line":74,"column":24},"end":{"line":74,"column":47}},"53":{"start":{"line":75,"column":24},"end":{"line":75,"column":66}},"54":{"start":{"line":76,"column":24},"end":{"line":76,"column":47}},"55":{"start":{"line":77,"column":24},"end":{"line":77,"column":54}},"56":{"start":{"line":78,"column":24},"end":{"line":78,"column":54}},"57":{"start":{"line":79,"column":24},"end":{"line":84,"column":27}},"58":{"start":{"line":80,"column":28},"end":{"line":80,"column":78}},"59":{"start":{"line":80,"column":37},"end":{"line":80,"column":76}},"60":{"start":{"line":81,"column":28},"end":{"line":81,"column":57}},"61":{"start":{"line":82,"column":28},"end":{"line":82,"column":44}},"62":{"start":{"line":83,"column":28},"end":{"line":83,"column":60}},"63":{"start":{"line":86,"column":24},"end":{"line":86,"column":79}},"64":{"start":{"line":90,"column":20},"end":{"line":90,"column":79}},"65":{"start":{"line":94,"column":12},"end":{"line":94,"column":67}},"66":{"start":{"line":99,"column":0},"end":{"line":100,"column":22}},"67":{"start":{"line":101,"column":0},"end":{"line":102,"column":23}},"68":{"start":{"line":104,"column":0},"end":{"line":111,"column":2}},"69":{"start":{"line":105,"column":4},"end":{"line":105,"column":57}},"70":{"start":{"line":106,"column":4},"end":{"line":106,"column":34}},"71":{"start":{"line":107,"column":4},"end":{"line":107,"column":34}},"72":{"start":{"line":108,"column":4},"end":{"line":108,"column":42}},"73":{"start":{"line":109,"column":4},"end":{"line":109,"column":30}},"74":{"start":{"line":110,"column":4},"end":{"line":110,"column":18}}},"branchMap":{"1":{"line":15,"type":"if","locations":[{"start":{"line":15,"column":4},"end":{"line":15,"column":4}},{"start":{"line":15,"column":4},"end":{"line":15,"column":4}}]},"2":{"line":52,"type":"if","locations":[{"start":{"line":52,"column":8},"end":{"line":52,"column":8}},{"start":{"line":52,"column":8},"end":{"line":52,"column":8}}]},"3":{"line":55,"type":"if","locations":[{"start":{"line":55,"column":16},"end":{"line":55,"column":16}},{"start":{"line":55,"column":16},"end":{"line":55,"column":16}}]},"4":{"line":64,"type":"if","locations":[{"start":{"line":64,"column":24},"end":{"line":64,"column":24}},{"start":{"line":64,"column":24},"end":{"line":64,"column":24}}]},"5":{"line":73,"type":"if","locations":[{"start":{"line":73,"column":20},"end":{"line":73,"column":20}},{"start":{"line":73,"column":20},"end":{"line":73,"column":20}}]},"6":{"line":80,"type":"if","locations":[{"start":{"line":80,"column":28},"end":{"line":80,"column":28}},{"start":{"line":80,"column":28},"end":{"line":80,"column":28}}]}}},"C:\\Users\\niek\\Documents\\GitHub\\webs5\\models\\testFunction.js":{"path":"C:\\Users\\niek\\Documents\\GitHub\\webs5\\models\\testFunction.js","s":{"1":1,"2":1,"3":1,"4":1,"5":1,"6":1,"7":0,"8":1,"9":1,"10":1,"11":1,"12":0,"13":1,"14":1,"15":0,"16":0,"17":0,"18":0,"19":1,"20":0,"21":0,"22":0,"23":0,"24":1,"25":1,"26":1,"27":1,"28":1,"29":1},"b":{"1":[0,1],"2":[0,1],"3":[0,0],"4":[0,0]},"f":{"1":1,"2":1,"3":1,"4":1,"5":0,"6":0,"7":0,"8":0,"9":1},"fnMap":{"1":{"name":"makePostRequest","line":8,"loc":{"start":{"line":8,"column":0},"end":{"line":8,"column":55}}},"2":{"name":"(anonymous_2)","line":16,"loc":{"start":{"line":16,"column":13},"end":{"line":16,"column":31}}},"3":{"name":"makeGetRequest","line":22,"loc":{"start":{"line":22,"column":0},"end":{"line":22,"column":48}}},"4":{"name":"(anonymous_4)","line":28,"loc":{"start":{"line":28,"column":13},"end":{"line":28,"column":31}}},"5":{"name":"makePutReqeust","line":35,"loc":{"start":{"line":35,"column":0},"end":{"line":35,"column":53}}},"6":{"name":"(anonymous_6)","line":43,"loc":{"start":{"line":43,"column":13},"end":{"line":43,"column":31}}},"7":{"name":"makeDelReqeust","line":50,"loc":{"start":{"line":50,"column":0},"end":{"line":50,"column":35}}},"8":{"name":"(anonymous_8)","line":54,"loc":{"start":{"line":54,"column":13},"end":{"line":54,"column":31}}},"9":{"name":"(anonymous_9)","line":61,"loc":{"start":{"line":61,"column":17},"end":{"line":61,"column":43}}}},"statementMap":{"1":{"start":{"line":4,"column":0},"end":{"line":4,"column":12}},"2":{"start":{"line":5,"column":0},"end":{"line":5,"column":16}},"3":{"start":{"line":6,"column":0},"end":{"line":6,"column":23}},"4":{"start":{"line":8,"column":0},"end":{"line":21,"column":1}},"5":{"start":{"line":9,"column":4},"end":{"line":20,"column":11}},"6":{"start":{"line":17,"column":12},"end":{"line":17,"column":40}},"7":{"start":{"line":17,"column":21},"end":{"line":17,"column":38}},"8":{"start":{"line":19,"column":12},"end":{"line":19,"column":28}},"9":{"start":{"line":22,"column":0},"end":{"line":33,"column":1}},"10":{"start":{"line":23,"column":4},"end":{"line":32,"column":11}},"11":{"start":{"line":29,"column":12},"end":{"line":29,"column":40}},"12":{"start":{"line":29,"column":21},"end":{"line":29,"column":38}},"13":{"start":{"line":31,"column":12},"end":{"line":31,"column":28}},"14":{"start":{"line":35,"column":0},"end":{"line":49,"column":1}},"15":{"start":{"line":36,"column":4},"end":{"line":48,"column":11}},"16":{"start":{"line":44,"column":12},"end":{"line":45,"column":35}},"17":{"start":{"line":45,"column":16},"end":{"line":45,"column":33}},"18":{"start":{"line":47,"column":12},"end":{"line":47,"column":28}},"19":{"start":{"line":50,"column":0},"end":{"line":59,"column":1}},"20":{"start":{"line":51,"column":4},"end":{"line":58,"column":11}},"21":{"start":{"line":55,"column":12},"end":{"line":56,"column":35}},"22":{"start":{"line":56,"column":16},"end":{"line":56,"column":33}},"23":{"start":{"line":57,"column":12},"end":{"line":57,"column":28}},"24":{"start":{"line":61,"column":0},"end":{"line":72,"column":2}},"25":{"start":{"line":62,"column":4},"end":{"line":62,"column":18}},"26":{"start":{"line":63,"column":4},"end":{"line":63,"column":22}},"27":{"start":{"line":64,"column":4},"end":{"line":64,"column":17}},"28":{"start":{"line":65,"column":4},"end":{"line":65,"column":18}},"29":{"start":{"line":66,"column":4},"end":{"line":71,"column":5}}},"branchMap":{"1":{"line":17,"type":"if","locations":[{"start":{"line":17,"column":12},"end":{"line":17,"column":12}},{"start":{"line":17,"column":12},"end":{"line":17,"column":12}}]},"2":{"line":29,"type":"if","locations":[{"start":{"line":29,"column":12},"end":{"line":29,"column":12}},{"start":{"line":29,"column":12},"end":{"line":29,"column":12}}]},"3":{"line":44,"type":"if","locations":[{"start":{"line":44,"column":12},"end":{"line":44,"column":12}},{"start":{"line":44,"column":12},"end":{"line":44,"column":12}}]},"4":{"line":55,"type":"if","locations":[{"start":{"line":55,"column":12},"end":{"line":55,"column":12}},{"start":{"line":55,"column":12},"end":{"line":55,"column":12}}]}}}}