{"C:\\Users\\niek\\Documents\\GitHub\\webs5\\app.js":{"path":"C:\\Users\\niek\\Documents\\GitHub\\webs5\\app.js","s":{"1":1,"2":1,"3":1,"4":1,"5":1,"6":1,"7":1,"8":1,"9":1,"10":1,"11":1,"12":1,"13":1,"14":1,"15":1,"16":0,"17":1,"18":1,"19":1,"20":1,"21":1,"22":0,"23":0,"24":0,"25":0,"26":0,"27":0,"28":0,"29":0,"30":1,"31":1,"32":1,"33":1,"34":1,"35":1,"36":1,"37":1,"38":1,"39":1,"40":1,"41":1,"42":1,"43":1,"44":1,"45":1,"46":1,"47":1,"48":1,"49":1,"50":1,"51":0,"52":0,"53":0,"54":1,"55":1,"56":0,"57":0,"58":1,"59":0,"60":0,"61":1},"b":{"1":[1,0],"2":[1,0],"3":[0,0],"4":[0,0]},"f":{"1":1,"2":0,"3":0,"4":0,"5":0},"fnMap":{"1":{"name":"(anonymous_1)","line":15,"loc":{"start":{"line":15,"column":16},"end":{"line":15,"column":32}}},"2":{"name":"handleError","line":34,"loc":{"start":{"line":34,"column":0},"end":{"line":34,"column":51}}},"3":{"name":"(anonymous_3)","line":79,"loc":{"start":{"line":79,"column":8},"end":{"line":79,"column":33}}},"4":{"name":"(anonymous_4)","line":90,"loc":{"start":{"line":90,"column":10},"end":{"line":90,"column":40}}},"5":{"name":"(anonymous_5)","line":101,"loc":{"start":{"line":101,"column":8},"end":{"line":101,"column":38}}}},"statementMap":{"1":{"start":{"line":1,"column":0},"end":{"line":1,"column":13}},"2":{"start":{"line":2,"column":0},"end":{"line":2,"column":33}},"3":{"start":{"line":3,"column":0},"end":{"line":3,"column":27}},"4":{"start":{"line":5,"column":0},"end":{"line":5,"column":31}},"5":{"start":{"line":6,"column":0},"end":{"line":6,"column":44}},"6":{"start":{"line":7,"column":0},"end":{"line":7,"column":40}},"7":{"start":{"line":9,"column":0},"end":{"line":9,"column":35}},"8":{"start":{"line":10,"column":0},"end":{"line":10,"column":35}},"9":{"start":{"line":11,"column":0},"end":{"line":11,"column":40}},"10":{"start":{"line":12,"column":0},"end":{"line":12,"column":37}},"11":{"start":{"line":13,"column":0},"end":{"line":13,"column":46}},"12":{"start":{"line":15,"column":0},"end":{"line":114,"column":2}},"13":{"start":{"line":17,"column":2},"end":{"line":22,"column":3}},"14":{"start":{"line":18,"column":4},"end":{"line":18,"column":37}},"15":{"start":{"line":19,"column":4},"end":{"line":19,"column":22}},"16":{"start":{"line":21,"column":4},"end":{"line":21,"column":47}},"17":{"start":{"line":27,"column":0},"end":{"line":27,"column":31}},"18":{"start":{"line":30,"column":0},"end":{"line":30,"column":35}},"19":{"start":{"line":31,"column":0},"end":{"line":31,"column":35}},"20":{"start":{"line":32,"column":0},"end":{"line":32,"column":39}},"21":{"start":{"line":34,"column":0},"end":{"line":43,"column":1}},"22":{"start":{"line":35,"column":2},"end":{"line":35,"column":16}},"23":{"start":{"line":36,"column":2},"end":{"line":36,"column":49}},"24":{"start":{"line":37,"column":2},"end":{"line":37,"column":63}},"25":{"start":{"line":38,"column":2},"end":{"line":38,"column":59}},"26":{"start":{"line":39,"column":2},"end":{"line":39,"column":89}},"27":{"start":{"line":40,"column":2},"end":{"line":40,"column":50}},"28":{"start":{"line":41,"column":2},"end":{"line":41,"column":25}},"29":{"start":{"line":42,"column":2},"end":{"line":42,"column":20}},"30":{"start":{"line":46,"column":0},"end":{"line":46,"column":39}},"31":{"start":{"line":47,"column":0},"end":{"line":47,"column":61}},"32":{"start":{"line":48,"column":0},"end":{"line":48,"column":61}},"33":{"start":{"line":49,"column":0},"end":{"line":49,"column":69}},"34":{"start":{"line":52,"column":0},"end":{"line":52,"column":20}},"35":{"start":{"line":55,"column":0},"end":{"line":55,"column":48}},"36":{"start":{"line":56,"column":0},"end":{"line":56,"column":30}},"37":{"start":{"line":60,"column":0},"end":{"line":60,"column":23}},"38":{"start":{"line":61,"column":0},"end":{"line":61,"column":27}},"39":{"start":{"line":62,"column":0},"end":{"line":62,"column":52}},"40":{"start":{"line":63,"column":0},"end":{"line":63,"column":24}},"41":{"start":{"line":64,"column":0},"end":{"line":64,"column":56}},"42":{"start":{"line":67,"column":0},"end":{"line":67,"column":63}},"43":{"start":{"line":68,"column":0},"end":{"line":68,"column":31}},"44":{"start":{"line":69,"column":0},"end":{"line":69,"column":28}},"45":{"start":{"line":70,"column":0},"end":{"line":70,"column":17}},"46":{"start":{"line":73,"column":0},"end":{"line":73,"column":21}},"47":{"start":{"line":74,"column":0},"end":{"line":74,"column":25}},"48":{"start":{"line":75,"column":0},"end":{"line":75,"column":25}},"49":{"start":{"line":76,"column":0},"end":{"line":76,"column":33}},"50":{"start":{"line":79,"column":0},"end":{"line":83,"column":3}},"51":{"start":{"line":80,"column":2},"end":{"line":80,"column":35}},"52":{"start":{"line":81,"column":2},"end":{"line":81,"column":19}},"53":{"start":{"line":82,"column":2},"end":{"line":82,"column":12}},"54":{"start":{"line":89,"column":0},"end":{"line":97,"column":1}},"55":{"start":{"line":90,"column":2},"end":{"line":96,"column":5}},"56":{"start":{"line":91,"column":4},"end":{"line":91,"column":34}},"57":{"start":{"line":92,"column":4},"end":{"line":95,"column":7}},"58":{"start":{"line":101,"column":0},"end":{"line":107,"column":3}},"59":{"start":{"line":102,"column":2},"end":{"line":102,"column":32}},"60":{"start":{"line":103,"column":2},"end":{"line":106,"column":5}},"61":{"start":{"line":113,"column":3},"end":{"line":113,"column":14}}},"branchMap":{"1":{"line":17,"type":"if","locations":[{"start":{"line":17,"column":2},"end":{"line":17,"column":2}},{"start":{"line":17,"column":2},"end":{"line":17,"column":2}}]},"2":{"line":89,"type":"if","locations":[{"start":{"line":89,"column":0},"end":{"line":89,"column":0}},{"start":{"line":89,"column":0},"end":{"line":89,"column":0}}]},"3":{"line":91,"type":"binary-expr","locations":[{"start":{"line":91,"column":15},"end":{"line":91,"column":25}},{"start":{"line":91,"column":29},"end":{"line":91,"column":32}}]},"4":{"line":102,"type":"binary-expr","locations":[{"start":{"line":102,"column":13},"end":{"line":102,"column":23}},{"start":{"line":102,"column":27},"end":{"line":102,"column":30}}]}}},"C:\\Users\\niek\\Documents\\GitHub\\webs5\\config\\testConfig.js":{"path":"C:\\Users\\niek\\Documents\\GitHub\\webs5\\config\\testConfig.js","s":{"1":1},"b":{},"f":{},"fnMap":{},"statementMap":{"1":{"start":{"line":4,"column":0},"end":{"line":6,"column":1}}},"branchMap":{}},"C:\\Users\\niek\\Documents\\GitHub\\webs5\\models\\user.js":{"path":"C:\\Users\\niek\\Documents\\GitHub\\webs5\\models\\user.js","s":{"1":1,"2":1,"3":1,"4":1,"5":3,"6":1,"7":1},"b":{},"f":{"1":1,"2":3},"fnMap":{"1":{"name":"init","line":3,"loc":{"start":{"line":3,"column":0},"end":{"line":3,"column":23}}},"2":{"name":"(anonymous_2)","line":22,"loc":{"start":{"line":22,"column":13},"end":{"line":22,"column":25}}}},"statementMap":{"1":{"start":{"line":3,"column":0},"end":{"line":26,"column":1}},"2":{"start":{"line":4,"column":4},"end":{"line":4,"column":43}},"3":{"start":{"line":6,"column":4},"end":{"line":20,"column":11}},"4":{"start":{"line":21,"column":4},"end":{"line":24,"column":11}},"5":{"start":{"line":23,"column":12},"end":{"line":23,"column":56}},"6":{"start":{"line":25,"column":4},"end":{"line":25,"column":32}},"7":{"start":{"line":28,"column":0},"end":{"line":28,"column":22}}},"branchMap":{}},"C:\\Users\\niek\\Documents\\GitHub\\webs5\\models\\race.js":{"path":"C:\\Users\\niek\\Documents\\GitHub\\webs5\\models\\race.js","s":{"1":1,"2":1,"3":1,"4":1,"5":1},"b":{},"f":{"1":1},"fnMap":{"1":{"name":"init","line":6,"loc":{"start":{"line":6,"column":0},"end":{"line":6,"column":23}}}},"statementMap":{"1":{"start":{"line":6,"column":0},"end":{"line":25,"column":1}},"2":{"start":{"line":7,"column":4},"end":{"line":7,"column":43}},"3":{"start":{"line":9,"column":4},"end":{"line":23,"column":11}},"4":{"start":{"line":24,"column":4},"end":{"line":24,"column":32}},"5":{"start":{"line":27,"column":0},"end":{"line":27,"column":22}}},"branchMap":{}},"C:\\Users\\niek\\Documents\\GitHub\\webs5\\models\\wayPoint.js":{"path":"C:\\Users\\niek\\Documents\\GitHub\\webs5\\models\\wayPoint.js","s":{"1":1,"2":1,"3":1,"4":1,"5":1},"b":{},"f":{"1":1},"fnMap":{"1":{"name":"init","line":6,"loc":{"start":{"line":6,"column":0},"end":{"line":6,"column":23}}}},"statementMap":{"1":{"start":{"line":6,"column":0},"end":{"line":22,"column":1}},"2":{"start":{"line":7,"column":4},"end":{"line":7,"column":47}},"3":{"start":{"line":9,"column":4},"end":{"line":20,"column":11}},"4":{"start":{"line":21,"column":4},"end":{"line":21,"column":40}},"5":{"start":{"line":24,"column":0},"end":{"line":24,"column":22}}},"branchMap":{}},"C:\\Users\\niek\\Documents\\GitHub\\webs5\\routes\\index.js":{"path":"C:\\Users\\niek\\Documents\\GitHub\\webs5\\routes\\index.js","s":{"1":1,"2":1,"3":1,"4":0,"5":0,"6":1},"b":{},"f":{"1":0},"fnMap":{"1":{"name":"(anonymous_1)","line":4,"loc":{"start":{"line":4,"column":29},"end":{"line":4,"column":54}}}},"statementMap":{"1":{"start":{"line":1,"column":0},"end":{"line":1,"column":33}},"2":{"start":{"line":2,"column":0},"end":{"line":2,"column":30}},"3":{"start":{"line":4,"column":0},"end":{"line":7,"column":3}},"4":{"start":{"line":5,"column":2},"end":{"line":5,"column":31}},"5":{"start":{"line":6,"column":2},"end":{"line":6,"column":26}},"6":{"start":{"line":9,"column":0},"end":{"line":9,"column":24}}},"branchMap":{}},"C:\\Users\\niek\\Documents\\GitHub\\webs5\\routes\\users.js":{"path":"C:\\Users\\niek\\Documents\\GitHub\\webs5\\routes\\users.js","s":{"1":1,"2":1,"3":1,"4":1,"5":1,"6":1,"7":1,"8":1,"9":1,"10":0,"11":1,"12":1,"13":1,"14":0,"15":1,"16":0,"17":1,"18":1,"19":1,"20":1,"21":1,"22":1,"23":0,"24":1,"25":1,"26":1,"27":1,"28":1,"29":1,"30":1,"31":1,"32":1,"33":1,"34":0,"35":1,"36":1,"37":0,"38":1,"39":1,"40":1,"41":0,"42":1,"43":1,"44":1,"45":0,"46":1,"47":1,"48":1,"49":1,"50":1,"51":1,"52":1,"53":0,"54":1,"55":1,"56":1,"57":1,"58":1,"59":1,"60":1,"61":1,"62":1},"b":{"1":[0,1],"2":[0,1],"3":[0,1],"4":[0,1],"5":[1,0],"6":[0,1],"7":[0,1],"8":[0,1],"9":[0,1]},"f":{"1":1,"2":1,"3":1,"4":1,"5":1,"6":1,"7":1,"8":1,"9":1,"10":1,"11":1},"fnMap":{"1":{"name":"getUser","line":7,"loc":{"start":{"line":7,"column":0},"end":{"line":7,"column":26}}},"2":{"name":"(anonymous_2)","line":15,"loc":{"start":{"line":15,"column":14},"end":{"line":15,"column":33}}},"3":{"name":"addUser","line":26,"loc":{"start":{"line":26,"column":0},"end":{"line":26,"column":26}}},"4":{"name":"(anonymous_4)","line":30,"loc":{"start":{"line":30,"column":12},"end":{"line":30,"column":36}}},"5":{"name":"deleteUser","line":41,"loc":{"start":{"line":41,"column":0},"end":{"line":41,"column":29}}},"6":{"name":"(anonymous_6)","line":46,"loc":{"start":{"line":46,"column":14},"end":{"line":46,"column":33}}},"7":{"name":"(anonymous_7)","line":49,"loc":{"start":{"line":49,"column":43},"end":{"line":49,"column":66}}},"8":{"name":"updateUser","line":61,"loc":{"start":{"line":61,"column":0},"end":{"line":61,"column":29}}},"9":{"name":"(anonymous_9)","line":62,"loc":{"start":{"line":62,"column":39},"end":{"line":62,"column":58}}},"10":{"name":"(anonymous_10)","line":71,"loc":{"start":{"line":71,"column":13},"end":{"line":71,"column":26}}},"11":{"name":"(anonymous_11)","line":90,"loc":{"start":{"line":90,"column":17},"end":{"line":90,"column":49}}}},"statementMap":{"1":{"start":{"line":1,"column":0},"end":{"line":1,"column":33}},"2":{"start":{"line":2,"column":0},"end":{"line":2,"column":30}},"3":{"start":{"line":3,"column":0},"end":{"line":3,"column":47}},"4":{"start":{"line":4,"column":0},"end":{"line":4,"column":23}},"5":{"start":{"line":5,"column":0},"end":{"line":5,"column":9}},"6":{"start":{"line":6,"column":0},"end":{"line":6,"column":16}},"7":{"start":{"line":7,"column":0},"end":{"line":24,"column":1}},"8":{"start":{"line":8,"column":2},"end":{"line":8,"column":17}},"9":{"start":{"line":10,"column":2},"end":{"line":12,"column":3}},"10":{"start":{"line":11,"column":4},"end":{"line":11,"column":30}},"11":{"start":{"line":14,"column":2},"end":{"line":14,"column":32}},"12":{"start":{"line":15,"column":2},"end":{"line":23,"column":5}},"13":{"start":{"line":16,"column":4},"end":{"line":16,"column":54}},"14":{"start":{"line":16,"column":13},"end":{"line":16,"column":52}},"15":{"start":{"line":19,"column":4},"end":{"line":21,"column":5}},"16":{"start":{"line":20,"column":6},"end":{"line":20,"column":21}},"17":{"start":{"line":22,"column":4},"end":{"line":22,"column":19}},"18":{"start":{"line":26,"column":0},"end":{"line":39,"column":1}},"19":{"start":{"line":27,"column":2},"end":{"line":27,"column":38}},"20":{"start":{"line":28,"column":2},"end":{"line":28,"column":32}},"21":{"start":{"line":30,"column":2},"end":{"line":38,"column":5}},"22":{"start":{"line":31,"column":4},"end":{"line":37,"column":5}},"23":{"start":{"line":32,"column":6},"end":{"line":32,"column":45}},"24":{"start":{"line":34,"column":6},"end":{"line":34,"column":39}},"25":{"start":{"line":35,"column":6},"end":{"line":35,"column":22}},"26":{"start":{"line":36,"column":6},"end":{"line":36,"column":26}},"27":{"start":{"line":41,"column":0},"end":{"line":59,"column":1}},"28":{"start":{"line":42,"column":2},"end":{"line":42,"column":17}},"29":{"start":{"line":43,"column":2},"end":{"line":43,"column":28}},"30":{"start":{"line":45,"column":2},"end":{"line":45,"column":32}},"31":{"start":{"line":46,"column":2},"end":{"line":58,"column":5}},"32":{"start":{"line":47,"column":4},"end":{"line":57,"column":5}},"33":{"start":{"line":48,"column":6},"end":{"line":48,"column":56}},"34":{"start":{"line":48,"column":15},"end":{"line":48,"column":54}},"35":{"start":{"line":49,"column":6},"end":{"line":54,"column":9}},"36":{"start":{"line":50,"column":8},"end":{"line":50,"column":58}},"37":{"start":{"line":50,"column":17},"end":{"line":50,"column":56}},"38":{"start":{"line":51,"column":8},"end":{"line":51,"column":41}},"39":{"start":{"line":52,"column":8},"end":{"line":52,"column":24}},"40":{"start":{"line":53,"column":8},"end":{"line":53,"column":49}},"41":{"start":{"line":56,"column":6},"end":{"line":56,"column":61}},"42":{"start":{"line":61,"column":0},"end":{"line":77,"column":1}},"43":{"start":{"line":62,"column":2},"end":{"line":76,"column":5}},"44":{"start":{"line":63,"column":4},"end":{"line":63,"column":54}},"45":{"start":{"line":63,"column":13},"end":{"line":63,"column":52}},"46":{"start":{"line":64,"column":4},"end":{"line":64,"column":24}},"47":{"start":{"line":65,"column":4},"end":{"line":65,"column":35}},"48":{"start":{"line":66,"column":4},"end":{"line":66,"column":33}},"49":{"start":{"line":67,"column":4},"end":{"line":67,"column":37}},"50":{"start":{"line":68,"column":4},"end":{"line":68,"column":27}},"51":{"start":{"line":71,"column":4},"end":{"line":75,"column":7}},"52":{"start":{"line":72,"column":6},"end":{"line":72,"column":56}},"53":{"start":{"line":72,"column":15},"end":{"line":72,"column":54}},"54":{"start":{"line":73,"column":6},"end":{"line":73,"column":39}},"55":{"start":{"line":74,"column":6},"end":{"line":74,"column":20}},"56":{"start":{"line":81,"column":0},"end":{"line":83,"column":19}},"57":{"start":{"line":85,"column":0},"end":{"line":88,"column":24}},"58":{"start":{"line":90,"column":0},"end":{"line":95,"column":2}},"59":{"start":{"line":91,"column":2},"end":{"line":91,"column":50}},"60":{"start":{"line":92,"column":2},"end":{"line":92,"column":32}},"61":{"start":{"line":93,"column":2},"end":{"line":93,"column":28}},"62":{"start":{"line":94,"column":2},"end":{"line":94,"column":16}}},"branchMap":{"1":{"line":10,"type":"if","locations":[{"start":{"line":10,"column":2},"end":{"line":10,"column":2}},{"start":{"line":10,"column":2},"end":{"line":10,"column":2}}]},"2":{"line":16,"type":"if","locations":[{"start":{"line":16,"column":4},"end":{"line":16,"column":4}},{"start":{"line":16,"column":4},"end":{"line":16,"column":4}}]},"3":{"line":19,"type":"if","locations":[{"start":{"line":19,"column":4},"end":{"line":19,"column":4}},{"start":{"line":19,"column":4},"end":{"line":19,"column":4}}]},"4":{"line":31,"type":"if","locations":[{"start":{"line":31,"column":4},"end":{"line":31,"column":4}},{"start":{"line":31,"column":4},"end":{"line":31,"column":4}}]},"5":{"line":47,"type":"if","locations":[{"start":{"line":47,"column":4},"end":{"line":47,"column":4}},{"start":{"line":47,"column":4},"end":{"line":47,"column":4}}]},"6":{"line":48,"type":"if","locations":[{"start":{"line":48,"column":6},"end":{"line":48,"column":6}},{"start":{"line":48,"column":6},"end":{"line":48,"column":6}}]},"7":{"line":50,"type":"if","locations":[{"start":{"line":50,"column":8},"end":{"line":50,"column":8}},{"start":{"line":50,"column":8},"end":{"line":50,"column":8}}]},"8":{"line":63,"type":"if","locations":[{"start":{"line":63,"column":4},"end":{"line":63,"column":4}},{"start":{"line":63,"column":4},"end":{"line":63,"column":4}}]},"9":{"line":72,"type":"if","locations":[{"start":{"line":72,"column":6},"end":{"line":72,"column":6}},{"start":{"line":72,"column":6},"end":{"line":72,"column":6}}]}}},"C:\\Users\\niek\\Documents\\GitHub\\webs5\\socket\\socket.js":{"path":"C:\\Users\\niek\\Documents\\GitHub\\webs5\\socket\\socket.js","s":{"1":1,"2":1,"3":0,"4":0,"5":1,"6":3,"7":0,"8":1,"9":3,"10":3,"11":0,"12":0,"13":0,"14":3},"b":{"1":[0,3],"2":[0,3],"3":[3,3]},"f":{"1":0,"2":0,"3":3,"4":3},"fnMap":{"1":{"name":"init","line":3,"loc":{"start":{"line":3,"column":0},"end":{"line":3,"column":15}}},"2":{"name":"(anonymous_2)","line":4,"loc":{"start":{"line":4,"column":32},"end":{"line":4,"column":48}}},"3":{"name":"sendmsg","line":9,"loc":{"start":{"line":9,"column":0},"end":{"line":9,"column":27}}},"4":{"name":"(anonymous_4)","line":17,"loc":{"start":{"line":17,"column":17},"end":{"line":17,"column":31}}}},"statementMap":{"1":{"start":{"line":1,"column":0},"end":{"line":1,"column":7}},"2":{"start":{"line":3,"column":0},"end":{"line":7,"column":1}},"3":{"start":{"line":4,"column":4},"end":{"line":6,"column":7}},"4":{"start":{"line":5,"column":8},"end":{"line":5,"column":40}},"5":{"start":{"line":9,"column":0},"end":{"line":14,"column":1}},"6":{"start":{"line":10,"column":4},"end":{"line":12,"column":5}},"7":{"start":{"line":11,"column":8},"end":{"line":11,"column":40}},"8":{"start":{"line":17,"column":0},"end":{"line":31,"column":2}},"9":{"start":{"line":18,"column":4},"end":{"line":18,"column":46}},"10":{"start":{"line":19,"column":4},"end":{"line":23,"column":5}},"11":{"start":{"line":20,"column":8},"end":{"line":20,"column":37}},"12":{"start":{"line":21,"column":8},"end":{"line":21,"column":48}},"13":{"start":{"line":22,"column":8},"end":{"line":22,"column":15}},"14":{"start":{"line":28,"column":4},"end":{"line":30,"column":6}}},"branchMap":{"1":{"line":10,"type":"if","locations":[{"start":{"line":10,"column":4},"end":{"line":10,"column":4}},{"start":{"line":10,"column":4},"end":{"line":10,"column":4}}]},"2":{"line":19,"type":"if","locations":[{"start":{"line":19,"column":4},"end":{"line":19,"column":4}},{"start":{"line":19,"column":4},"end":{"line":19,"column":4}}]},"3":{"line":19,"type":"binary-expr","locations":[{"start":{"line":19,"column":7},"end":{"line":19,"column":10}},{"start":{"line":19,"column":14},"end":{"line":19,"column":18}}]}}},"C:\\Users\\niek\\Documents\\GitHub\\webs5\\routes\\races.js":{"path":"C:\\Users\\niek\\Documents\\GitHub\\webs5\\routes\\races.js","s":{"1":1,"2":1,"3":1,"4":1,"5":1,"6":1,"7":1,"8":1,"9":1,"10":0,"11":0,"12":0,"13":0,"14":0,"15":0,"16":0,"17":0,"18":0,"19":0,"20":1,"21":0,"22":0,"23":0,"24":0,"25":0,"26":0,"27":0,"28":1,"29":0,"30":0,"31":0,"32":0,"33":0,"34":0,"35":0,"36":0,"37":0,"38":0,"39":0,"40":0,"41":0,"42":0,"43":0,"44":0,"45":0,"46":0,"47":0,"48":0,"49":0,"50":0,"51":1,"52":0,"53":0,"54":0,"55":0,"56":0,"57":0,"58":0,"59":0,"60":0,"61":0,"62":0,"63":0,"64":0,"65":1,"66":0,"67":0,"68":0,"69":0,"70":0,"71":0,"72":0,"73":0,"74":0,"75":0,"76":0,"77":0,"78":0,"79":0,"80":0,"81":0,"82":0,"83":0,"84":0,"85":0,"86":1,"87":0,"88":0,"89":0,"90":0,"91":0,"92":0,"93":0,"94":0,"95":0,"96":0,"97":0,"98":0,"99":0,"100":0,"101":0,"102":0,"103":0,"104":0,"105":0,"106":0,"107":0,"108":0,"109":0,"110":1,"111":0,"112":0,"113":0,"114":0,"115":0,"116":0,"117":0,"118":0,"119":0,"120":0,"121":0,"122":0,"123":0,"124":0,"125":0,"126":1,"127":0,"128":0,"129":0,"130":0,"131":0,"132":0,"133":0,"134":0,"135":0,"136":0,"137":0,"138":0,"139":0,"140":0,"141":0,"142":0,"143":0,"144":0,"145":0,"146":1,"147":1,"148":1,"149":1,"150":1,"151":1,"152":1,"153":1,"154":1,"155":1,"156":1,"157":1,"158":1},"b":{"1":[0,0],"2":[0,0],"3":[0,0],"4":[0,0],"5":[0,0],"6":[0,0],"7":[0,0],"8":[0,0],"9":[0,0],"10":[0,0],"11":[0,0],"12":[0,0],"13":[0,0],"14":[0,0],"15":[0,0],"16":[0,0],"17":[0,0],"18":[0,0],"19":[0,0],"20":[0,0],"21":[0,0],"22":[0,0],"23":[0,0],"24":[0,0],"25":[0,0]},"f":{"1":0,"2":0,"3":0,"4":0,"5":0,"6":0,"7":0,"8":0,"9":0,"10":0,"11":0,"12":0,"13":0,"14":0,"15":0,"16":0,"17":0,"18":0,"19":0,"20":0,"21":0,"22":0,"23":0,"24":0,"25":0,"26":1},"fnMap":{"1":{"name":"getRace","line":14,"loc":{"start":{"line":14,"column":0},"end":{"line":14,"column":26}}},"2":{"name":"(anonymous_2)","line":22,"loc":{"start":{"line":22,"column":16},"end":{"line":22,"column":35}}},"3":{"name":"addRace","line":33,"loc":{"start":{"line":33,"column":0},"end":{"line":33,"column":26}}},"4":{"name":"(anonymous_4)","line":35,"loc":{"start":{"line":35,"column":18},"end":{"line":35,"column":42}}},"5":{"name":"deleteRace","line":46,"loc":{"start":{"line":46,"column":0},"end":{"line":46,"column":29}}},"6":{"name":"(anonymous_6)","line":51,"loc":{"start":{"line":51,"column":16},"end":{"line":51,"column":35}}},"7":{"name":"(anonymous_7)","line":57,"loc":{"start":{"line":57,"column":61},"end":{"line":57,"column":84}}},"8":{"name":"(anonymous_8)","line":61,"loc":{"start":{"line":61,"column":53},"end":{"line":61,"column":76}}},"9":{"name":"updateRace","line":77,"loc":{"start":{"line":77,"column":0},"end":{"line":77,"column":29}}},"10":{"name":"(anonymous_10)","line":78,"loc":{"start":{"line":78,"column":41},"end":{"line":78,"column":60}}},"11":{"name":"(anonymous_11)","line":86,"loc":{"start":{"line":86,"column":17},"end":{"line":86,"column":30}}},"12":{"name":"addWayPoint","line":94,"loc":{"start":{"line":94,"column":0},"end":{"line":94,"column":30}}},"13":{"name":"(anonymous_13)","line":98,"loc":{"start":{"line":98,"column":16},"end":{"line":98,"column":35}}},"14":{"name":"(anonymous_14)","line":101,"loc":{"start":{"line":101,"column":20},"end":{"line":101,"column":48}}},"15":{"name":"(anonymous_15)","line":110,"loc":{"start":{"line":110,"column":86},"end":{"line":110,"column":112}}},"16":{"name":"deleteWaypoint","line":123,"loc":{"start":{"line":123,"column":0},"end":{"line":123,"column":33}}},"17":{"name":"(anonymous_17)","line":129,"loc":{"start":{"line":129,"column":16},"end":{"line":129,"column":35}}},"18":{"name":"(anonymous_18)","line":132,"loc":{"start":{"line":132,"column":61},"end":{"line":132,"column":84}}},"19":{"name":"(anonymous_19)","line":143,"loc":{"start":{"line":143,"column":83},"end":{"line":143,"column":109}}},"20":{"name":"addUser","line":155,"loc":{"start":{"line":155,"column":0},"end":{"line":155,"column":26}}},"21":{"name":"(anonymous_21)","line":160,"loc":{"start":{"line":160,"column":16},"end":{"line":160,"column":35}}},"22":{"name":"(anonymous_22)","line":166,"loc":{"start":{"line":166,"column":76},"end":{"line":166,"column":102}}},"23":{"name":"deleteUser","line":177,"loc":{"start":{"line":177,"column":0},"end":{"line":177,"column":29}}},"24":{"name":"(anonymous_24)","line":183,"loc":{"start":{"line":183,"column":16},"end":{"line":183,"column":35}}},"25":{"name":"(anonymous_25)","line":194,"loc":{"start":{"line":194,"column":76},"end":{"line":194,"column":102}}},"26":{"name":"(anonymous_26)","line":226,"loc":{"start":{"line":226,"column":17},"end":{"line":226,"column":49}}}},"statementMap":{"1":{"start":{"line":4,"column":0},"end":{"line":4,"column":33}},"2":{"start":{"line":5,"column":0},"end":{"line":5,"column":30}},"3":{"start":{"line":6,"column":0},"end":{"line":6,"column":47}},"4":{"start":{"line":7,"column":0},"end":{"line":7,"column":23}},"5":{"start":{"line":8,"column":0},"end":{"line":8,"column":9}},"6":{"start":{"line":9,"column":0},"end":{"line":9,"column":13}},"7":{"start":{"line":10,"column":0},"end":{"line":10,"column":9}},"8":{"start":{"line":11,"column":0},"end":{"line":11,"column":16}},"9":{"start":{"line":14,"column":0},"end":{"line":31,"column":1}},"10":{"start":{"line":15,"column":4},"end":{"line":15,"column":19}},"11":{"start":{"line":17,"column":4},"end":{"line":19,"column":5}},"12":{"start":{"line":18,"column":8},"end":{"line":18,"column":34}},"13":{"start":{"line":21,"column":4},"end":{"line":21,"column":34}},"14":{"start":{"line":22,"column":4},"end":{"line":30,"column":7}},"15":{"start":{"line":23,"column":8},"end":{"line":23,"column":58}},"16":{"start":{"line":23,"column":17},"end":{"line":23,"column":56}},"17":{"start":{"line":26,"column":8},"end":{"line":28,"column":9}},"18":{"start":{"line":27,"column":12},"end":{"line":27,"column":27}},"19":{"start":{"line":29,"column":8},"end":{"line":29,"column":23}},"20":{"start":{"line":33,"column":0},"end":{"line":44,"column":1}},"21":{"start":{"line":34,"column":4},"end":{"line":34,"column":38}},"22":{"start":{"line":35,"column":4},"end":{"line":43,"column":7}},"23":{"start":{"line":36,"column":8},"end":{"line":42,"column":9}},"24":{"start":{"line":37,"column":12},"end":{"line":37,"column":51}},"25":{"start":{"line":39,"column":12},"end":{"line":39,"column":45}},"26":{"start":{"line":40,"column":12},"end":{"line":40,"column":28}},"27":{"start":{"line":41,"column":12},"end":{"line":41,"column":32}},"28":{"start":{"line":46,"column":0},"end":{"line":75,"column":1}},"29":{"start":{"line":47,"column":4},"end":{"line":47,"column":19}},"30":{"start":{"line":48,"column":4},"end":{"line":48,"column":30}},"31":{"start":{"line":50,"column":4},"end":{"line":50,"column":34}},"32":{"start":{"line":51,"column":4},"end":{"line":74,"column":7}},"33":{"start":{"line":52,"column":8},"end":{"line":73,"column":9}},"34":{"start":{"line":53,"column":12},"end":{"line":70,"column":13}},"35":{"start":{"line":54,"column":16},"end":{"line":54,"column":66}},"36":{"start":{"line":54,"column":25},"end":{"line":54,"column":64}},"37":{"start":{"line":55,"column":16},"end":{"line":55,"column":50}},"38":{"start":{"line":56,"column":16},"end":{"line":60,"column":17}},"39":{"start":{"line":57,"column":20},"end":{"line":59,"column":23}},"40":{"start":{"line":58,"column":24},"end":{"line":58,"column":74}},"41":{"start":{"line":58,"column":33},"end":{"line":58,"column":72}},"42":{"start":{"line":61,"column":16},"end":{"line":66,"column":19}},"43":{"start":{"line":62,"column":20},"end":{"line":62,"column":70}},"44":{"start":{"line":62,"column":29},"end":{"line":62,"column":68}},"45":{"start":{"line":63,"column":20},"end":{"line":63,"column":53}},"46":{"start":{"line":64,"column":20},"end":{"line":64,"column":36}},"47":{"start":{"line":65,"column":20},"end":{"line":65,"column":61}},"48":{"start":{"line":68,"column":16},"end":{"line":68,"column":32}},"49":{"start":{"line":69,"column":16},"end":{"line":69,"column":83}},"50":{"start":{"line":72,"column":12},"end":{"line":72,"column":67}},"51":{"start":{"line":77,"column":0},"end":{"line":92,"column":1}},"52":{"start":{"line":78,"column":4},"end":{"line":91,"column":7}},"53":{"start":{"line":79,"column":8},"end":{"line":79,"column":58}},"54":{"start":{"line":79,"column":17},"end":{"line":79,"column":56}},"55":{"start":{"line":80,"column":8},"end":{"line":80,"column":28}},"56":{"start":{"line":81,"column":8},"end":{"line":81,"column":29}},"57":{"start":{"line":82,"column":8},"end":{"line":82,"column":33}},"58":{"start":{"line":83,"column":8},"end":{"line":83,"column":33}},"59":{"start":{"line":84,"column":8},"end":{"line":84,"column":39}},"60":{"start":{"line":86,"column":8},"end":{"line":90,"column":11}},"61":{"start":{"line":87,"column":12},"end":{"line":87,"column":62}},"62":{"start":{"line":87,"column":21},"end":{"line":87,"column":60}},"63":{"start":{"line":88,"column":12},"end":{"line":88,"column":45}},"64":{"start":{"line":89,"column":12},"end":{"line":89,"column":26}},"65":{"start":{"line":94,"column":0},"end":{"line":121,"column":1}},"66":{"start":{"line":95,"column":4},"end":{"line":95,"column":19}},"67":{"start":{"line":96,"column":4},"end":{"line":96,"column":30}},"68":{"start":{"line":97,"column":4},"end":{"line":97,"column":34}},"69":{"start":{"line":98,"column":4},"end":{"line":120,"column":7}},"70":{"start":{"line":99,"column":8},"end":{"line":119,"column":9}},"71":{"start":{"line":100,"column":12},"end":{"line":100,"column":44}},"72":{"start":{"line":101,"column":12},"end":{"line":116,"column":15}},"73":{"start":{"line":103,"column":16},"end":{"line":115,"column":17}},"74":{"start":{"line":103,"column":25},"end":{"line":103,"column":64}},"75":{"start":{"line":105,"column":20},"end":{"line":105,"column":51}},"76":{"start":{"line":106,"column":20},"end":{"line":106,"column":57}},"77":{"start":{"line":107,"column":20},"end":{"line":107,"column":57}},"78":{"start":{"line":108,"column":20},"end":{"line":108,"column":50}},"79":{"start":{"line":109,"column":20},"end":{"line":109,"column":50}},"80":{"start":{"line":110,"column":20},"end":{"line":114,"column":23}},"81":{"start":{"line":111,"column":24},"end":{"line":111,"column":74}},"82":{"start":{"line":111,"column":33},"end":{"line":111,"column":72}},"83":{"start":{"line":112,"column":24},"end":{"line":112,"column":40}},"84":{"start":{"line":113,"column":24},"end":{"line":113,"column":48}},"85":{"start":{"line":118,"column":12},"end":{"line":118,"column":67}},"86":{"start":{"line":123,"column":0},"end":{"line":153,"column":1}},"87":{"start":{"line":124,"column":4},"end":{"line":124,"column":19}},"88":{"start":{"line":125,"column":4},"end":{"line":125,"column":30}},"89":{"start":{"line":127,"column":4},"end":{"line":127,"column":34}},"90":{"start":{"line":129,"column":4},"end":{"line":152,"column":7}},"91":{"start":{"line":130,"column":8},"end":{"line":151,"column":9}},"92":{"start":{"line":131,"column":12},"end":{"line":131,"column":62}},"93":{"start":{"line":131,"column":21},"end":{"line":131,"column":60}},"94":{"start":{"line":132,"column":12},"end":{"line":148,"column":15}},"95":{"start":{"line":133,"column":16},"end":{"line":133,"column":66}},"96":{"start":{"line":133,"column":25},"end":{"line":133,"column":64}},"97":{"start":{"line":134,"column":16},"end":{"line":134,"column":51}},"98":{"start":{"line":135,"column":16},"end":{"line":135,"column":54}},"99":{"start":{"line":136,"column":16},"end":{"line":136,"column":73}},"100":{"start":{"line":137,"column":16},"end":{"line":139,"column":17}},"101":{"start":{"line":138,"column":20},"end":{"line":138,"column":51}},"102":{"start":{"line":141,"column":16},"end":{"line":141,"column":46}},"103":{"start":{"line":142,"column":16},"end":{"line":142,"column":46}},"104":{"start":{"line":143,"column":16},"end":{"line":147,"column":19}},"105":{"start":{"line":144,"column":20},"end":{"line":144,"column":70}},"106":{"start":{"line":144,"column":29},"end":{"line":144,"column":68}},"107":{"start":{"line":145,"column":20},"end":{"line":145,"column":36}},"108":{"start":{"line":146,"column":20},"end":{"line":146,"column":35}},"109":{"start":{"line":150,"column":12},"end":{"line":150,"column":67}},"110":{"start":{"line":155,"column":0},"end":{"line":175,"column":1}},"111":{"start":{"line":156,"column":4},"end":{"line":156,"column":19}},"112":{"start":{"line":157,"column":4},"end":{"line":157,"column":30}},"113":{"start":{"line":159,"column":4},"end":{"line":159,"column":34}},"114":{"start":{"line":160,"column":4},"end":{"line":174,"column":7}},"115":{"start":{"line":161,"column":8},"end":{"line":173,"column":9}},"116":{"start":{"line":162,"column":12},"end":{"line":162,"column":47}},"117":{"start":{"line":163,"column":12},"end":{"line":163,"column":41}},"118":{"start":{"line":164,"column":12},"end":{"line":164,"column":42}},"119":{"start":{"line":165,"column":12},"end":{"line":165,"column":42}},"120":{"start":{"line":166,"column":12},"end":{"line":170,"column":15}},"121":{"start":{"line":167,"column":16},"end":{"line":167,"column":66}},"122":{"start":{"line":167,"column":25},"end":{"line":167,"column":64}},"123":{"start":{"line":168,"column":16},"end":{"line":168,"column":32}},"124":{"start":{"line":169,"column":16},"end":{"line":169,"column":52}},"125":{"start":{"line":172,"column":12},"end":{"line":172,"column":67}},"126":{"start":{"line":177,"column":0},"end":{"line":203,"column":1}},"127":{"start":{"line":178,"column":4},"end":{"line":178,"column":19}},"128":{"start":{"line":179,"column":4},"end":{"line":179,"column":30}},"129":{"start":{"line":181,"column":4},"end":{"line":181,"column":34}},"130":{"start":{"line":183,"column":4},"end":{"line":202,"column":7}},"131":{"start":{"line":184,"column":8},"end":{"line":201,"column":9}},"132":{"start":{"line":185,"column":12},"end":{"line":185,"column":62}},"133":{"start":{"line":185,"column":21},"end":{"line":185,"column":60}},"134":{"start":{"line":186,"column":12},"end":{"line":186,"column":47}},"135":{"start":{"line":187,"column":12},"end":{"line":187,"column":61}},"136":{"start":{"line":188,"column":12},"end":{"line":190,"column":13}},"137":{"start":{"line":189,"column":16},"end":{"line":189,"column":43}},"138":{"start":{"line":192,"column":12},"end":{"line":192,"column":42}},"139":{"start":{"line":193,"column":12},"end":{"line":193,"column":42}},"140":{"start":{"line":194,"column":12},"end":{"line":198,"column":15}},"141":{"start":{"line":195,"column":16},"end":{"line":195,"column":66}},"142":{"start":{"line":195,"column":25},"end":{"line":195,"column":64}},"143":{"start":{"line":196,"column":16},"end":{"line":196,"column":32}},"144":{"start":{"line":197,"column":16},"end":{"line":197,"column":52}},"145":{"start":{"line":200,"column":12},"end":{"line":200,"column":69}},"146":{"start":{"line":208,"column":0},"end":{"line":210,"column":19}},"147":{"start":{"line":212,"column":0},"end":{"line":215,"column":24}},"148":{"start":{"line":216,"column":0},"end":{"line":217,"column":23}},"149":{"start":{"line":218,"column":0},"end":{"line":219,"column":28}},"150":{"start":{"line":220,"column":0},"end":{"line":221,"column":19}},"151":{"start":{"line":222,"column":0},"end":{"line":223,"column":24}},"152":{"start":{"line":226,"column":0},"end":{"line":233,"column":2}},"153":{"start":{"line":227,"column":4},"end":{"line":227,"column":52}},"154":{"start":{"line":228,"column":4},"end":{"line":228,"column":34}},"155":{"start":{"line":229,"column":4},"end":{"line":229,"column":42}},"156":{"start":{"line":230,"column":4},"end":{"line":230,"column":34}},"157":{"start":{"line":231,"column":4},"end":{"line":231,"column":30}},"158":{"start":{"line":232,"column":4},"end":{"line":232,"column":18}}},"branchMap":{"1":{"line":17,"type":"if","locations":[{"start":{"line":17,"column":4},"end":{"line":17,"column":4}},{"start":{"line":17,"column":4},"end":{"line":17,"column":4}}]},"2":{"line":23,"type":"if","locations":[{"start":{"line":23,"column":8},"end":{"line":23,"column":8}},{"start":{"line":23,"column":8},"end":{"line":23,"column":8}}]},"3":{"line":26,"type":"if","locations":[{"start":{"line":26,"column":8},"end":{"line":26,"column":8}},{"start":{"line":26,"column":8},"end":{"line":26,"column":8}}]},"4":{"line":36,"type":"if","locations":[{"start":{"line":36,"column":8},"end":{"line":36,"column":8}},{"start":{"line":36,"column":8},"end":{"line":36,"column":8}}]},"5":{"line":52,"type":"if","locations":[{"start":{"line":52,"column":8},"end":{"line":52,"column":8}},{"start":{"line":52,"column":8},"end":{"line":52,"column":8}}]},"6":{"line":53,"type":"if","locations":[{"start":{"line":53,"column":12},"end":{"line":53,"column":12}},{"start":{"line":53,"column":12},"end":{"line":53,"column":12}}]},"7":{"line":54,"type":"if","locations":[{"start":{"line":54,"column":16},"end":{"line":54,"column":16}},{"start":{"line":54,"column":16},"end":{"line":54,"column":16}}]},"8":{"line":58,"type":"if","locations":[{"start":{"line":58,"column":24},"end":{"line":58,"column":24}},{"start":{"line":58,"column":24},"end":{"line":58,"column":24}}]},"9":{"line":62,"type":"if","locations":[{"start":{"line":62,"column":20},"end":{"line":62,"column":20}},{"start":{"line":62,"column":20},"end":{"line":62,"column":20}}]},"10":{"line":79,"type":"if","locations":[{"start":{"line":79,"column":8},"end":{"line":79,"column":8}},{"start":{"line":79,"column":8},"end":{"line":79,"column":8}}]},"11":{"line":87,"type":"if","locations":[{"start":{"line":87,"column":12},"end":{"line":87,"column":12}},{"start":{"line":87,"column":12},"end":{"line":87,"column":12}}]},"12":{"line":99,"type":"if","locations":[{"start":{"line":99,"column":8},"end":{"line":99,"column":8}},{"start":{"line":99,"column":8},"end":{"line":99,"column":8}}]},"13":{"line":103,"type":"if","locations":[{"start":{"line":103,"column":16},"end":{"line":103,"column":16}},{"start":{"line":103,"column":16},"end":{"line":103,"column":16}}]},"14":{"line":111,"type":"if","locations":[{"start":{"line":111,"column":24},"end":{"line":111,"column":24}},{"start":{"line":111,"column":24},"end":{"line":111,"column":24}}]},"15":{"line":130,"type":"if","locations":[{"start":{"line":130,"column":8},"end":{"line":130,"column":8}},{"start":{"line":130,"column":8},"end":{"line":130,"column":8}}]},"16":{"line":131,"type":"if","locations":[{"start":{"line":131,"column":12},"end":{"line":131,"column":12}},{"start":{"line":131,"column":12},"end":{"line":131,"column":12}}]},"17":{"line":133,"type":"if","locations":[{"start":{"line":133,"column":16},"end":{"line":133,"column":16}},{"start":{"line":133,"column":16},"end":{"line":133,"column":16}}]},"18":{"line":137,"type":"if","locations":[{"start":{"line":137,"column":16},"end":{"line":137,"column":16}},{"start":{"line":137,"column":16},"end":{"line":137,"column":16}}]},"19":{"line":144,"type":"if","locations":[{"start":{"line":144,"column":20},"end":{"line":144,"column":20}},{"start":{"line":144,"column":20},"end":{"line":144,"column":20}}]},"20":{"line":161,"type":"if","locations":[{"start":{"line":161,"column":8},"end":{"line":161,"column":8}},{"start":{"line":161,"column":8},"end":{"line":161,"column":8}}]},"21":{"line":167,"type":"if","locations":[{"start":{"line":167,"column":16},"end":{"line":167,"column":16}},{"start":{"line":167,"column":16},"end":{"line":167,"column":16}}]},"22":{"line":184,"type":"if","locations":[{"start":{"line":184,"column":8},"end":{"line":184,"column":8}},{"start":{"line":184,"column":8},"end":{"line":184,"column":8}}]},"23":{"line":185,"type":"if","locations":[{"start":{"line":185,"column":12},"end":{"line":185,"column":12}},{"start":{"line":185,"column":12},"end":{"line":185,"column":12}}]},"24":{"line":188,"type":"if","locations":[{"start":{"line":188,"column":12},"end":{"line":188,"column":12}},{"start":{"line":188,"column":12},"end":{"line":188,"column":12}}]},"25":{"line":195,"type":"if","locations":[{"start":{"line":195,"column":16},"end":{"line":195,"column":16}},{"start":{"line":195,"column":16},"end":{"line":195,"column":16}}]}}},"C:\\Users\\niek\\Documents\\GitHub\\webs5\\routes\\wayPoints.js":{"path":"C:\\Users\\niek\\Documents\\GitHub\\webs5\\routes\\wayPoints.js","s":{"1":1,"2":1,"3":1,"4":1,"5":1,"6":1,"7":1,"8":1,"9":1,"10":1,"11":0,"12":0,"13":0,"14":0,"15":0,"16":0,"17":0,"18":0,"19":0,"20":0,"21":1,"22":0,"23":0,"24":0,"25":0,"26":0,"27":0,"28":0,"29":0,"30":0,"31":0,"32":0,"33":0,"34":0,"35":0,"36":0,"37":0,"38":0,"39":0,"40":0,"41":0,"42":0,"43":1,"44":1,"45":1,"46":1,"47":1,"48":1,"49":1,"50":1,"51":1,"52":1},"b":{"1":[0,0],"2":[0,0],"3":[0,0],"4":[0,0],"5":[0,0],"6":[0,0]},"f":{"1":0,"2":0,"3":0,"4":0,"5":0,"6":0,"7":1},"fnMap":{"1":{"name":"getWayPoint","line":11,"loc":{"start":{"line":11,"column":0},"end":{"line":11,"column":30}}},"2":{"name":"(anonymous_2)","line":20,"loc":{"start":{"line":20,"column":16},"end":{"line":20,"column":35}}},"3":{"name":"tagWaypoint","line":31,"loc":{"start":{"line":31,"column":0},"end":{"line":31,"column":31}}},"4":{"name":"(anonymous_4)","line":36,"loc":{"start":{"line":36,"column":16},"end":{"line":36,"column":35}}},"5":{"name":"(anonymous_5)","line":39,"loc":{"start":{"line":39,"column":24},"end":{"line":39,"column":43}}},"6":{"name":"(anonymous_6)","line":46,"loc":{"start":{"line":46,"column":90},"end":{"line":46,"column":116}}},"7":{"name":"(anonymous_7)","line":71,"loc":{"start":{"line":71,"column":17},"end":{"line":71,"column":49}}}},"statementMap":{"1":{"start":{"line":1,"column":0},"end":{"line":1,"column":33}},"2":{"start":{"line":2,"column":0},"end":{"line":2,"column":23}},"3":{"start":{"line":3,"column":0},"end":{"line":3,"column":13}},"4":{"start":{"line":4,"column":0},"end":{"line":4,"column":9}},"5":{"start":{"line":5,"column":0},"end":{"line":5,"column":9}},"6":{"start":{"line":6,"column":0},"end":{"line":6,"column":47}},"7":{"start":{"line":7,"column":0},"end":{"line":7,"column":30}},"8":{"start":{"line":8,"column":0},"end":{"line":8,"column":16}},"9":{"start":{"line":9,"column":0},"end":{"line":9,"column":29}},"10":{"start":{"line":11,"column":0},"end":{"line":29,"column":1}},"11":{"start":{"line":13,"column":4},"end":{"line":13,"column":19}},"12":{"start":{"line":14,"column":4},"end":{"line":16,"column":5}},"13":{"start":{"line":15,"column":8},"end":{"line":15,"column":48}},"14":{"start":{"line":18,"column":4},"end":{"line":18,"column":38}},"15":{"start":{"line":20,"column":4},"end":{"line":28,"column":7}},"16":{"start":{"line":21,"column":8},"end":{"line":21,"column":58}},"17":{"start":{"line":21,"column":17},"end":{"line":21,"column":56}},"18":{"start":{"line":24,"column":8},"end":{"line":26,"column":9}},"19":{"start":{"line":25,"column":12},"end":{"line":25,"column":27}},"20":{"start":{"line":27,"column":8},"end":{"line":27,"column":23}},"21":{"start":{"line":31,"column":0},"end":{"line":60,"column":1}},"22":{"start":{"line":32,"column":4},"end":{"line":32,"column":19}},"23":{"start":{"line":33,"column":4},"end":{"line":33,"column":29}},"24":{"start":{"line":35,"column":4},"end":{"line":35,"column":34}},"25":{"start":{"line":36,"column":4},"end":{"line":59,"column":7}},"26":{"start":{"line":37,"column":8},"end":{"line":58,"column":9}},"27":{"start":{"line":38,"column":12},"end":{"line":38,"column":58}},"28":{"start":{"line":39,"column":12},"end":{"line":55,"column":15}},"29":{"start":{"line":40,"column":16},"end":{"line":54,"column":17}},"30":{"start":{"line":41,"column":20},"end":{"line":41,"column":57}},"31":{"start":{"line":42,"column":20},"end":{"line":42,"column":49}},"32":{"start":{"line":43,"column":20},"end":{"line":43,"column":59}},"33":{"start":{"line":44,"column":20},"end":{"line":44,"column":50}},"34":{"start":{"line":45,"column":20},"end":{"line":45,"column":50}},"35":{"start":{"line":46,"column":20},"end":{"line":51,"column":23}},"36":{"start":{"line":47,"column":24},"end":{"line":47,"column":74}},"37":{"start":{"line":47,"column":33},"end":{"line":47,"column":72}},"38":{"start":{"line":48,"column":24},"end":{"line":48,"column":50}},"39":{"start":{"line":49,"column":24},"end":{"line":49,"column":40}},"40":{"start":{"line":50,"column":24},"end":{"line":50,"column":56}},"41":{"start":{"line":53,"column":20},"end":{"line":53,"column":79}},"42":{"start":{"line":57,"column":12},"end":{"line":57,"column":67}},"43":{"start":{"line":63,"column":0},"end":{"line":64,"column":22}},"44":{"start":{"line":66,"column":0},"end":{"line":67,"column":22}},"45":{"start":{"line":68,"column":0},"end":{"line":69,"column":23}},"46":{"start":{"line":71,"column":0},"end":{"line":78,"column":2}},"47":{"start":{"line":72,"column":4},"end":{"line":72,"column":57}},"48":{"start":{"line":73,"column":4},"end":{"line":73,"column":34}},"49":{"start":{"line":74,"column":4},"end":{"line":74,"column":34}},"50":{"start":{"line":75,"column":4},"end":{"line":75,"column":42}},"51":{"start":{"line":76,"column":4},"end":{"line":76,"column":30}},"52":{"start":{"line":77,"column":4},"end":{"line":77,"column":18}}},"branchMap":{"1":{"line":14,"type":"if","locations":[{"start":{"line":14,"column":4},"end":{"line":14,"column":4}},{"start":{"line":14,"column":4},"end":{"line":14,"column":4}}]},"2":{"line":21,"type":"if","locations":[{"start":{"line":21,"column":8},"end":{"line":21,"column":8}},{"start":{"line":21,"column":8},"end":{"line":21,"column":8}}]},"3":{"line":24,"type":"if","locations":[{"start":{"line":24,"column":8},"end":{"line":24,"column":8}},{"start":{"line":24,"column":8},"end":{"line":24,"column":8}}]},"4":{"line":37,"type":"if","locations":[{"start":{"line":37,"column":8},"end":{"line":37,"column":8}},{"start":{"line":37,"column":8},"end":{"line":37,"column":8}}]},"5":{"line":40,"type":"if","locations":[{"start":{"line":40,"column":16},"end":{"line":40,"column":16}},{"start":{"line":40,"column":16},"end":{"line":40,"column":16}}]},"6":{"line":47,"type":"if","locations":[{"start":{"line":47,"column":24},"end":{"line":47,"column":24}},{"start":{"line":47,"column":24},"end":{"line":47,"column":24}}]}}},"C:\\Users\\niek\\Documents\\GitHub\\webs5\\models\\testFunction.js":{"path":"C:\\Users\\niek\\Documents\\GitHub\\webs5\\models\\testFunction.js","s":{"1":1,"2":1,"3":1,"4":1,"5":1,"6":0,"7":1,"8":1,"9":1,"10":1,"11":0,"12":1,"13":1,"14":1,"15":1,"16":0,"17":1,"18":1,"19":1,"20":1,"21":0,"22":1,"23":1,"24":1,"25":1,"26":1},"b":{"1":[0,1],"2":[0,1],"3":[0,1],"4":[0,1]},"f":{"1":1,"2":1,"3":1,"4":1,"5":1,"6":1,"7":1,"8":1,"9":1},"fnMap":{"1":{"name":"makePostRequest","line":7,"loc":{"start":{"line":7,"column":0},"end":{"line":7,"column":55}}},"2":{"name":"(anonymous_2)","line":13,"loc":{"start":{"line":13,"column":13},"end":{"line":13,"column":31}}},"3":{"name":"makeGetRequest","line":19,"loc":{"start":{"line":19,"column":0},"end":{"line":19,"column":48}}},"4":{"name":"(anonymous_4)","line":23,"loc":{"start":{"line":23,"column":13},"end":{"line":23,"column":31}}},"5":{"name":"makePutReqeust","line":30,"loc":{"start":{"line":30,"column":0},"end":{"line":30,"column":53}}},"6":{"name":"(anonymous_6)","line":36,"loc":{"start":{"line":36,"column":13},"end":{"line":36,"column":31}}},"7":{"name":"makeDelReqeust","line":43,"loc":{"start":{"line":43,"column":0},"end":{"line":43,"column":35}}},"8":{"name":"(anonymous_8)","line":46,"loc":{"start":{"line":46,"column":13},"end":{"line":46,"column":31}}},"9":{"name":"(anonymous_9)","line":53,"loc":{"start":{"line":53,"column":17},"end":{"line":53,"column":35}}}},"statementMap":{"1":{"start":{"line":4,"column":0},"end":{"line":4,"column":12}},"2":{"start":{"line":5,"column":0},"end":{"line":5,"column":16}},"3":{"start":{"line":7,"column":0},"end":{"line":18,"column":1}},"4":{"start":{"line":8,"column":4},"end":{"line":17,"column":11}},"5":{"start":{"line":14,"column":12},"end":{"line":14,"column":40}},"6":{"start":{"line":14,"column":21},"end":{"line":14,"column":38}},"7":{"start":{"line":16,"column":12},"end":{"line":16,"column":28}},"8":{"start":{"line":19,"column":0},"end":{"line":28,"column":1}},"9":{"start":{"line":20,"column":4},"end":{"line":27,"column":11}},"10":{"start":{"line":24,"column":12},"end":{"line":24,"column":40}},"11":{"start":{"line":24,"column":21},"end":{"line":24,"column":38}},"12":{"start":{"line":26,"column":12},"end":{"line":26,"column":28}},"13":{"start":{"line":30,"column":0},"end":{"line":42,"column":1}},"14":{"start":{"line":31,"column":4},"end":{"line":41,"column":11}},"15":{"start":{"line":37,"column":12},"end":{"line":38,"column":35}},"16":{"start":{"line":38,"column":16},"end":{"line":38,"column":33}},"17":{"start":{"line":40,"column":12},"end":{"line":40,"column":28}},"18":{"start":{"line":43,"column":0},"end":{"line":51,"column":1}},"19":{"start":{"line":44,"column":4},"end":{"line":50,"column":11}},"20":{"start":{"line":47,"column":12},"end":{"line":48,"column":35}},"21":{"start":{"line":48,"column":16},"end":{"line":48,"column":33}},"22":{"start":{"line":49,"column":12},"end":{"line":49,"column":28}},"23":{"start":{"line":53,"column":0},"end":{"line":62,"column":2}},"24":{"start":{"line":54,"column":4},"end":{"line":54,"column":18}},"25":{"start":{"line":55,"column":4},"end":{"line":55,"column":22}},"26":{"start":{"line":56,"column":4},"end":{"line":61,"column":5}}},"branchMap":{"1":{"line":14,"type":"if","locations":[{"start":{"line":14,"column":12},"end":{"line":14,"column":12}},{"start":{"line":14,"column":12},"end":{"line":14,"column":12}}]},"2":{"line":24,"type":"if","locations":[{"start":{"line":24,"column":12},"end":{"line":24,"column":12}},{"start":{"line":24,"column":12},"end":{"line":24,"column":12}}]},"3":{"line":37,"type":"if","locations":[{"start":{"line":37,"column":12},"end":{"line":37,"column":12}},{"start":{"line":37,"column":12},"end":{"line":37,"column":12}}]},"4":{"line":47,"type":"if","locations":[{"start":{"line":47,"column":12},"end":{"line":47,"column":12}},{"start":{"line":47,"column":12},"end":{"line":47,"column":12}}]}}}}