TN:
SF:C:\Users\niek\Documents\GitHub\webs5\app.js
FN:16,(anonymous_1)
FN:35,handleError
FN:74,isLoggedIn
FN:94,(anonymous_4)
FN:103,(anonymous_5)
FN:114,(anonymous_6)
FNF:6
FNH:2
FNDA:1,(anonymous_1)
FNDA:0,handleError
FNDA:1,isLoggedIn
FNDA:0,(anonymous_4)
FNDA:0,(anonymous_5)
FNDA:0,(anonymous_6)
DA:1,1
DA:2,1
DA:3,1
DA:5,1
DA:6,1
DA:7,1
DA:9,1
DA:10,1
DA:11,1
DA:12,1
DA:13,1
DA:16,1
DA:18,1
DA:19,1
DA:20,1
DA:22,0
DA:26,1
DA:28,1
DA:31,1
DA:32,1
DA:33,1
DA:35,1
DA:36,0
DA:37,0
DA:38,0
DA:39,0
DA:40,0
DA:41,0
DA:42,0
DA:43,0
DA:47,1
DA:50,1
DA:51,1
DA:55,1
DA:56,1
DA:57,1
DA:58,1
DA:59,1
DA:62,1
DA:63,1
DA:64,1
DA:65,1
DA:68,1
DA:69,1
DA:70,1
DA:71,1
DA:74,1
DA:76,1
DA:77,0
DA:80,1
DA:81,1
DA:82,1
DA:84,0
DA:88,1
DA:89,1
DA:90,1
DA:91,1
DA:94,1
DA:95,0
DA:96,0
DA:97,0
DA:102,1
DA:103,1
DA:104,0
DA:105,0
DA:114,1
DA:115,0
DA:116,0
DA:121,1
LF:69
LH:51
BRDA:18,1,0,1
BRDA:18,1,1,0
BRDA:76,2,0,0
BRDA:76,2,1,1
BRDA:81,3,0,1
BRDA:81,3,1,0
BRDA:102,4,0,1
BRDA:102,4,1,0
BRDA:104,5,0,0
BRDA:104,5,1,0
BRDA:115,6,0,0
BRDA:115,6,1,0
BRF:12
BRH:4
end_of_record
TN:
SF:C:\Users\niek\Documents\GitHub\webs5\config\testConfig.js
FNF:0
FNH:0
DA:4,1
LF:1
LH:1
BRF:0
BRH:0
end_of_record
TN:
SF:C:\Users\niek\Documents\GitHub\webs5\config\passport.js
FN:17,(anonymous_1)
FN:26,(anonymous_2)
FN:31,(anonymous_3)
FN:32,(anonymous_4)
FN:56,(anonymous_5)
FN:59,(anonymous_6)
FN:63,(anonymous_7)
FN:84,(anonymous_8)
FN:105,(anonymous_9)
FN:108,(anonymous_10)
FN:136,(anonymous_11)
FN:140,(anonymous_12)
FN:143,(anonymous_13)
FN:162,(anonymous_14)
FNF:14
FNH:4
FNDA:1,(anonymous_1)
FNDA:0,(anonymous_2)
FNDA:0,(anonymous_3)
FNDA:0,(anonymous_4)
FNDA:1,(anonymous_5)
FNDA:1,(anonymous_6)
FNDA:1,(anonymous_7)
FNDA:0,(anonymous_8)
FNDA:0,(anonymous_9)
FNDA:0,(anonymous_10)
FNDA:0,(anonymous_11)
FNDA:0,(anonymous_12)
FNDA:0,(anonymous_13)
FNDA:0,(anonymous_14)
DA:7,1
DA:8,1
DA:11,1
DA:14,1
DA:17,1
DA:26,1
DA:27,0
DA:31,1
DA:32,0
DA:33,0
DA:48,1
DA:59,1
DA:60,1
DA:63,1
DA:65,1
DA:66,0
DA:69,1
DA:70,1
DA:75,0
DA:78,0
DA:79,0
DA:80,0
DA:81,0
DA:84,0
DA:85,0
DA:86,0
DA:87,0
DA:99,1
DA:108,0
DA:110,0
DA:111,0
DA:113,0
DA:115,0
DA:116,0
DA:119,0
DA:120,0
DA:123,0
DA:129,1
DA:140,0
DA:143,0
DA:144,0
DA:145,0
DA:147,0
DA:150,0
DA:153,0
DA:156,0
DA:157,0
DA:158,0
DA:159,0
DA:162,0
DA:163,0
DA:164,0
DA:165,0
LF:53
LH:16
BRDA:65,1,0,0
BRDA:65,1,1,1
BRDA:69,2,0,1
BRDA:69,2,1,0
BRDA:85,3,0,0
BRDA:85,3,1,0
BRDA:110,4,0,0
BRDA:110,4,1,0
BRDA:115,5,0,0
BRDA:115,5,1,0
BRDA:119,6,0,0
BRDA:119,6,1,0
BRDA:144,7,0,0
BRDA:144,7,1,0
BRDA:147,8,0,0
BRDA:147,8,1,0
BRDA:163,9,0,0
BRDA:163,9,1,0
BRF:18
BRH:2
end_of_record
TN:
SF:C:\Users\niek\Documents\GitHub\webs5\models\user.js
FN:4,init
FN:31,(anonymous_2)
FN:40,(anonymous_3)
FN:51,(anonymous_4)
FN:56,(anonymous_5)
FNF:5
FNH:1
FNDA:1,init
FNDA:0,(anonymous_2)
FNDA:0,(anonymous_3)
FNDA:0,(anonymous_4)
FNDA:0,(anonymous_5)
DA:1,1
DA:2,1
DA:4,1
DA:5,1
DA:7,1
DA:30,1
DA:32,0
DA:33,0
DA:35,0
DA:39,1
DA:41,0
DA:42,0
DA:44,0
DA:51,1
DA:52,0
DA:56,1
DA:57,0
DA:60,1
DA:63,1
LF:19
LH:11
BRDA:32,1,0,0
BRDA:32,1,1,0
BRDA:41,2,0,0
BRDA:41,2,1,0
BRF:4
BRH:0
end_of_record
TN:
SF:C:\Users\niek\Documents\GitHub\webs5\config\auth.js
FNF:0
FNH:0
DA:4,1
LF:1
LH:1
BRF:0
BRH:0
end_of_record
TN:
SF:C:\Users\niek\Documents\GitHub\webs5\models\race.js
FN:6,init
FNF:1
FNH:1
FNDA:1,init
DA:6,1
DA:7,1
DA:9,1
DA:11,1
DA:28,1
DA:31,1
LF:6
LH:6
BRF:0
BRH:0
end_of_record
TN:
SF:C:\Users\niek\Documents\GitHub\webs5\models\wayPoint.js
FN:6,init
FNF:1
FNH:1
FNDA:1,init
DA:6,1
DA:7,1
DA:8,1
DA:10,1
DA:23,1
DA:26,1
LF:6
LH:6
BRF:0
BRH:0
end_of_record
TN:
SF:C:\Users\niek\Documents\GitHub\webs5\routes\routes.js
FN:9,(anonymous_1)
FN:12,(anonymous_2)
FN:16,(anonymous_3)
FN:27,(anonymous_4)
FN:32,(anonymous_5)
FN:58,isLoggedIn
FNF:6
FNH:0
FNDA:0,(anonymous_1)
FNDA:0,(anonymous_2)
FNDA:0,(anonymous_3)
FNDA:0,(anonymous_4)
FNDA:0,(anonymous_5)
FNDA:0,isLoggedIn
DA:5,1
DA:6,1
DA:7,1
DA:9,1
DA:10,0
DA:12,1
DA:13,0
DA:14,0
DA:16,1
DA:17,0
DA:18,0
DA:21,1
DA:27,1
DA:28,0
DA:32,1
DA:33,0
DA:34,0
DA:36,1
DA:48,1
DA:51,1
DA:58,1
DA:61,0
DA:62,0
DA:65,0
DA:68,1
LF:25
LH:14
BRDA:61,1,0,0
BRDA:61,1,1,0
BRF:2
BRH:0
end_of_record
TN:
SF:C:\Users\niek\Documents\GitHub\webs5\routes\users.js
FN:9,getUser
FN:18,(anonymous_2)
FN:36,getUserPaged
FN:42,(anonymous_4)
FN:56,deleteUser
FN:61,(anonymous_6)
FN:64,(anonymous_7)
FN:75,updateUser
FN:76,(anonymous_9)
FN:83,(anonymous_10)
FN:102,(anonymous_11)
FNF:11
FNH:1
FNDA:0,getUser
FNDA:0,(anonymous_2)
FNDA:0,getUserPaged
FNDA:0,(anonymous_4)
FNDA:0,deleteUser
FNDA:0,(anonymous_6)
FNDA:0,(anonymous_7)
FNDA:0,updateUser
FNDA:0,(anonymous_9)
FNDA:0,(anonymous_10)
FNDA:1,(anonymous_11)
DA:1,1
DA:2,1
DA:3,1
DA:4,1
DA:5,1
DA:6,1
DA:7,1
DA:9,1
DA:10,0
DA:12,0
DA:13,0
DA:16,0
DA:17,0
DA:18,0
DA:19,0
DA:20,0
DA:23,0
DA:24,0
DA:27,0
DA:28,0
DA:29,0
DA:31,0
DA:36,1
DA:37,0
DA:39,0
DA:43,0
DA:46,0
DA:48,0
DA:49,0
DA:51,0
DA:56,1
DA:57,0
DA:58,0
DA:60,0
DA:61,0
DA:62,0
DA:63,0
DA:64,0
DA:65,0
DA:66,0
DA:67,0
DA:68,0
DA:71,0
DA:75,1
DA:76,0
DA:77,0
DA:78,0
DA:79,0
DA:80,0
DA:81,0
DA:83,0
DA:84,0
DA:85,0
DA:86,0
DA:92,1
DA:95,1
DA:99,1
DA:102,1
DA:103,1
DA:104,1
DA:105,1
DA:106,1
LF:62
LH:19
BRDA:12,1,0,0
BRDA:12,1,1,0
BRDA:20,2,0,0
BRDA:20,2,1,0
BRDA:23,3,0,0
BRDA:23,3,1,0
BRDA:28,4,0,0
BRDA:28,4,1,0
BRDA:46,5,0,0
BRDA:46,5,1,0
BRDA:48,6,0,0
BRDA:48,6,1,0
BRDA:62,7,0,0
BRDA:62,7,1,0
BRDA:63,8,0,0
BRDA:63,8,1,0
BRDA:65,9,0,0
BRDA:65,9,1,0
BRDA:77,10,0,0
BRDA:77,10,1,0
BRDA:84,11,0,0
BRDA:84,11,1,0
BRF:22
BRH:0
end_of_record
TN:
SF:C:\Users\niek\Documents\GitHub\webs5\socket\socket.js
FN:3,init
FN:4,(anonymous_2)
FN:9,sendmsg
FN:15,(anonymous_4)
FNF:4
FNH:1
FNDA:0,init
FNDA:0,(anonymous_2)
FNDA:0,sendmsg
FNDA:3,(anonymous_4)
DA:1,1
DA:3,1
DA:4,0
DA:5,0
DA:9,1
DA:10,0
DA:11,0
DA:15,1
DA:16,3
DA:17,3
DA:18,0
DA:19,0
DA:20,0
DA:26,3
LF:14
LH:7
BRDA:10,1,0,0
BRDA:10,1,1,0
BRDA:17,2,0,0
BRDA:17,2,1,3
BRDA:17,3,0,3
BRDA:17,3,1,3
BRF:6
BRH:3
end_of_record
TN:
SF:C:\Users\niek\Documents\GitHub\webs5\routes\races.js
FN:21,getRace
FN:41,(anonymous_2)
FN:65,getRacePaged
FN:71,(anonymous_4)
FN:86,addRace
FN:88,(anonymous_6)
FN:99,deleteRace
FN:104,(anonymous_8)
FN:110,(anonymous_9)
FN:114,(anonymous_10)
FN:130,updateRace
FN:131,(anonymous_12)
FN:141,(anonymous_13)
FN:149,addWayPoint
FN:153,(anonymous_15)
FN:157,(anonymous_16)
FN:165,(anonymous_17)
FN:182,getRaceWayPoints
FN:188,(anonymous_19)
FN:195,deleteWaypoint
FN:201,(anonymous_21)
FN:204,(anonymous_22)
FN:215,(anonymous_23)
FN:228,addUser
FN:233,(anonymous_25)
FN:238,(anonymous_26)
FN:245,(anonymous_27)
FN:264,getUsers
FN:270,(anonymous_29)
FN:277,deleteUser
FN:283,(anonymous_31)
FN:294,(anonymous_32)
FN:329,(anonymous_33)
FNF:33
FNH:1
FNDA:0,getRace
FNDA:0,(anonymous_2)
FNDA:0,getRacePaged
FNDA:0,(anonymous_4)
FNDA:0,addRace
FNDA:0,(anonymous_6)
FNDA:0,deleteRace
FNDA:0,(anonymous_8)
FNDA:0,(anonymous_9)
FNDA:0,(anonymous_10)
FNDA:0,updateRace
FNDA:0,(anonymous_12)
FNDA:0,(anonymous_13)
FNDA:0,addWayPoint
FNDA:0,(anonymous_15)
FNDA:0,(anonymous_16)
FNDA:0,(anonymous_17)
FNDA:0,getRaceWayPoints
FNDA:0,(anonymous_19)
FNDA:0,deleteWaypoint
FNDA:0,(anonymous_21)
FNDA:0,(anonymous_22)
FNDA:0,(anonymous_23)
FNDA:0,addUser
FNDA:0,(anonymous_25)
FNDA:0,(anonymous_26)
FNDA:0,(anonymous_27)
FNDA:0,getUsers
FNDA:0,(anonymous_29)
FNDA:0,deleteUser
FNDA:0,(anonymous_31)
FNDA:0,(anonymous_32)
FNDA:1,(anonymous_33)
DA:4,1
DA:5,1
DA:6,1
DA:7,1
DA:8,1
DA:9,1
DA:10,1
DA:11,1
DA:12,1
DA:21,1
DA:22,0
DA:24,0
DA:25,0
DA:27,0
DA:28,0
DA:29,0
DA:31,0
DA:32,0
DA:33,0
DA:35,0
DA:36,0
DA:37,0
DA:40,0
DA:41,0
DA:42,0
DA:43,0
DA:44,0
DA:45,0
DA:46,0
DA:47,0
DA:48,0
DA:50,0
DA:53,0
DA:54,0
DA:56,0
DA:60,0
DA:65,1
DA:66,0
DA:68,0
DA:72,0
DA:75,0
DA:77,0
DA:78,0
DA:80,0
DA:86,1
DA:87,0
DA:88,0
DA:89,0
DA:90,0
DA:92,0
DA:93,0
DA:94,0
DA:99,1
DA:100,0
DA:101,0
DA:103,0
DA:104,0
DA:105,0
DA:106,0
DA:107,0
DA:108,0
DA:109,0
DA:110,0
DA:111,0
DA:114,0
DA:115,0
DA:116,0
DA:117,0
DA:118,0
DA:121,0
DA:122,0
DA:125,0
DA:130,1
DA:131,0
DA:132,0
DA:133,0
DA:134,0
DA:135,0
DA:136,0
DA:137,0
DA:138,0
DA:139,0
DA:141,0
DA:142,0
DA:143,0
DA:144,0
DA:149,1
DA:150,0
DA:151,0
DA:152,0
DA:153,0
DA:154,0
DA:155,0
DA:156,0
DA:157,0
DA:159,0
DA:161,0
DA:162,0
DA:163,0
DA:164,0
DA:165,0
DA:166,0
DA:167,0
DA:168,0
DA:169,0
DA:174,0
DA:177,0
DA:182,1
DA:183,0
DA:184,0
DA:185,0
DA:189,0
DA:190,0
DA:191,0
DA:195,1
DA:196,0
DA:197,0
DA:199,0
DA:201,0
DA:202,0
DA:203,0
DA:204,0
DA:205,0
DA:206,0
DA:207,0
DA:208,0
DA:209,0
DA:210,0
DA:213,0
DA:214,0
DA:215,0
DA:216,0
DA:217,0
DA:218,0
DA:219,0
DA:223,0
DA:228,1
DA:230,0
DA:231,0
DA:232,0
DA:233,0
DA:234,0
DA:235,0
DA:236,0
DA:237,0
DA:238,0
DA:239,0
DA:240,0
DA:241,0
DA:242,0
DA:243,0
DA:244,0
DA:245,0
DA:246,0
DA:247,0
DA:248,0
DA:249,0
DA:252,0
DA:255,0
DA:259,0
DA:264,1
DA:265,0
DA:266,0
DA:267,0
DA:271,0
DA:272,0
DA:273,0
DA:277,1
DA:278,0
DA:279,0
DA:281,0
DA:283,0
DA:284,0
DA:285,0
DA:286,0
DA:287,0
DA:288,0
DA:289,0
DA:292,0
DA:293,0
DA:294,0
DA:295,0
DA:296,0
DA:297,0
DA:298,0
DA:301,0
DA:307,1
DA:311,1
DA:315,1
DA:318,1
DA:320,1
DA:323,1
DA:325,1
DA:329,1
DA:330,1
DA:331,1
DA:332,1
DA:333,1
DA:334,1
DA:335,1
LF:200
LH:34
BRDA:24,1,0,0
BRDA:24,1,1,0
BRDA:27,2,0,0
BRDA:27,2,1,0
BRDA:31,3,0,0
BRDA:31,3,1,0
BRDA:35,4,0,0
BRDA:35,4,1,0
BRDA:42,5,0,0
BRDA:42,5,1,0
BRDA:44,6,0,0
BRDA:44,6,1,0
BRDA:47,7,0,0
BRDA:47,7,1,0
BRDA:53,8,0,0
BRDA:53,8,1,0
BRDA:75,9,0,0
BRDA:75,9,1,0
BRDA:77,10,0,0
BRDA:77,10,1,0
BRDA:89,11,0,0
BRDA:89,11,1,0
BRDA:105,12,0,0
BRDA:105,12,1,0
BRDA:106,13,0,0
BRDA:106,13,1,0
BRDA:107,14,0,0
BRDA:107,14,1,0
BRDA:111,15,0,0
BRDA:111,15,1,0
BRDA:115,16,0,0
BRDA:115,16,1,0
BRDA:132,17,0,0
BRDA:132,17,1,0
BRDA:142,18,0,0
BRDA:142,18,1,0
BRDA:154,19,0,0
BRDA:154,19,1,0
BRDA:155,20,0,0
BRDA:155,20,1,0
BRDA:159,21,0,0
BRDA:159,21,1,0
BRDA:166,22,0,0
BRDA:166,22,1,0
BRDA:189,23,0,0
BRDA:189,23,1,0
BRDA:202,24,0,0
BRDA:202,24,1,0
BRDA:203,25,0,0
BRDA:203,25,1,0
BRDA:205,26,0,0
BRDA:205,26,1,0
BRDA:209,27,0,0
BRDA:209,27,1,0
BRDA:216,28,0,0
BRDA:216,28,1,0
BRDA:234,29,0,0
BRDA:234,29,1,0
BRDA:239,30,0,0
BRDA:239,30,1,0
BRDA:240,31,0,0
BRDA:240,31,1,0
BRDA:246,32,0,0
BRDA:246,32,1,0
BRDA:271,33,0,0
BRDA:271,33,1,0
BRDA:284,34,0,0
BRDA:284,34,1,0
BRDA:285,35,0,0
BRDA:285,35,1,0
BRDA:288,36,0,0
BRDA:288,36,1,0
BRDA:295,37,0,0
BRDA:295,37,1,0
BRF:74
BRH:0
end_of_record
TN:
SF:C:\Users\niek\Documents\GitHub\webs5\routes\wayPoints.js
FN:13,getWayPoint
FN:20,(anonymous_2)
FN:23,(anonymous_3)
FN:29,(anonymous_4)
FN:34,(anonymous_5)
FN:36,(anonymous_6)
FN:40,(anonymous_7)
FN:46,tagWaypoint
FN:51,(anonymous_9)
FN:54,(anonymous_10)
FN:79,(anonymous_11)
FN:104,(anonymous_12)
FNF:12
FNH:1
FNDA:0,getWayPoint
FNDA:0,(anonymous_2)
FNDA:0,(anonymous_3)
FNDA:0,(anonymous_4)
FNDA:0,(anonymous_5)
FNDA:0,(anonymous_6)
FNDA:0,(anonymous_7)
FNDA:0,tagWaypoint
FNDA:0,(anonymous_9)
FNDA:0,(anonymous_10)
FNDA:0,(anonymous_11)
FNDA:1,(anonymous_12)
DA:1,1
DA:2,1
DA:3,1
DA:4,1
DA:5,1
DA:6,1
DA:7,1
DA:8,1
DA:9,1
DA:10,1
DA:11,1
DA:13,1
DA:14,0
DA:15,0
DA:16,0
DA:19,0
DA:20,0
DA:21,0
DA:22,0
DA:24,0
DA:25,0
DA:26,0
DA:30,0
DA:31,0
DA:35,0
DA:36,0
DA:37,0
DA:41,0
DA:46,1
DA:47,0
DA:48,0
DA:49,0
DA:50,0
DA:51,0
DA:52,0
DA:53,0
DA:54,0
DA:55,0
DA:56,0
DA:57,0
DA:58,0
DA:60,0
DA:61,0
DA:62,0
DA:64,0
DA:65,0
DA:66,0
DA:67,0
DA:69,0
DA:70,0
DA:73,0
DA:74,0
DA:75,0
DA:76,0
DA:77,0
DA:78,0
DA:79,0
DA:80,0
DA:81,0
DA:82,0
DA:83,0
DA:86,0
DA:90,0
DA:94,0
DA:99,1
DA:101,1
DA:104,1
DA:105,1
DA:106,1
DA:107,1
DA:108,1
DA:109,1
DA:110,1
LF:73
LH:22
BRDA:15,1,0,0
BRDA:15,1,1,0
BRDA:52,2,0,0
BRDA:52,2,1,0
BRDA:55,3,0,0
BRDA:55,3,1,0
BRDA:64,4,0,0
BRDA:64,4,1,0
BRDA:73,5,0,0
BRDA:73,5,1,0
BRDA:80,6,0,0
BRDA:80,6,1,0
BRF:12
BRH:0
end_of_record
TN:
SF:C:\Users\niek\Documents\GitHub\webs5\models\testFunction.js
FN:8,makePostRequest
FN:16,(anonymous_2)
FN:22,makeGetRequest
FN:28,(anonymous_4)
FN:35,makePutReqeust
FN:43,(anonymous_6)
FN:50,makeDelReqeust
FN:54,(anonymous_8)
FN:61,(anonymous_9)
FNF:9
FNH:5
FNDA:1,makePostRequest
FNDA:1,(anonymous_2)
FNDA:1,makeGetRequest
FNDA:1,(anonymous_4)
FNDA:0,makePutReqeust
FNDA:0,(anonymous_6)
FNDA:0,makeDelReqeust
FNDA:0,(anonymous_8)
FNDA:1,(anonymous_9)
DA:4,1
DA:5,1
DA:6,1
DA:8,1
DA:9,1
DA:17,1
DA:19,1
DA:22,1
DA:23,1
DA:29,1
DA:31,1
DA:35,1
DA:36,0
DA:44,0
DA:45,0
DA:47,0
DA:50,1
DA:51,0
DA:55,0
DA:56,0
DA:57,0
DA:61,1
DA:62,1
DA:63,1
DA:64,1
DA:65,1
DA:66,1
LF:27
LH:19
BRDA:17,1,0,0
BRDA:17,1,1,1
BRDA:29,2,0,0
BRDA:29,2,1,1
BRDA:44,3,0,0
BRDA:44,3,1,0
BRDA:55,4,0,0
BRDA:55,4,1,0
BRF:8
BRH:2
end_of_record
