TN:
SF:C:\Users\niek\Documents\GitHub\webs5\app.js
FN:15,(anonymous_1)
FN:34,handleError
FN:79,(anonymous_3)
FN:90,(anonymous_4)
FN:101,(anonymous_5)
FNF:5
FNH:1
FNDA:1,(anonymous_1)
FNDA:0,handleError
FNDA:0,(anonymous_3)
FNDA:0,(anonymous_4)
FNDA:0,(anonymous_5)
DA:1,1
DA:2,1
DA:3,1
DA:5,1
DA:6,1
DA:7,1
DA:9,1
DA:10,1
DA:11,1
DA:12,1
DA:13,1
DA:15,1
DA:17,1
DA:18,1
DA:19,1
DA:21,0
DA:27,1
DA:30,1
DA:31,1
DA:32,1
DA:34,1
DA:35,0
DA:36,0
DA:37,0
DA:38,0
DA:39,0
DA:40,0
DA:41,0
DA:42,0
DA:46,1
DA:47,1
DA:48,1
DA:49,1
DA:52,1
DA:55,1
DA:56,1
DA:60,1
DA:61,1
DA:62,1
DA:63,1
DA:64,1
DA:67,1
DA:68,1
DA:69,1
DA:70,1
DA:73,1
DA:74,1
DA:75,1
DA:76,1
DA:79,1
DA:80,0
DA:81,0
DA:82,0
DA:89,1
DA:90,1
DA:91,0
DA:92,0
DA:101,1
DA:102,0
DA:103,0
DA:113,1
LF:61
LH:45
BRDA:17,1,0,1
BRDA:17,1,1,0
BRDA:89,2,0,1
BRDA:89,2,1,0
BRDA:91,3,0,0
BRDA:91,3,1,0
BRDA:102,4,0,0
BRDA:102,4,1,0
BRF:8
BRH:2
end_of_record
TN:
SF:C:\Users\niek\Documents\GitHub\webs5\config\testConfig.js
FNF:0
FNH:0
DA:4,1
LF:1
LH:1
BRF:0
BRH:0
end_of_record
TN:
SF:C:\Users\niek\Documents\GitHub\webs5\models\user.js
FN:3,init
FN:22,(anonymous_2)
FNF:2
FNH:2
FNDA:1,init
FNDA:3,(anonymous_2)
DA:3,1
DA:4,1
DA:6,1
DA:21,1
DA:23,3
DA:25,1
DA:28,1
LF:7
LH:7
BRF:0
BRH:0
end_of_record
TN:
SF:C:\Users\niek\Documents\GitHub\webs5\models\race.js
FN:6,init
FNF:1
FNH:1
FNDA:1,init
DA:6,1
DA:7,1
DA:9,1
DA:24,1
DA:27,1
LF:5
LH:5
BRF:0
BRH:0
end_of_record
TN:
SF:C:\Users\niek\Documents\GitHub\webs5\models\wayPoint.js
FN:6,init
FNF:1
FNH:1
FNDA:1,init
DA:6,1
DA:7,1
DA:9,1
DA:21,1
DA:24,1
LF:5
LH:5
BRF:0
BRH:0
end_of_record
TN:
SF:C:\Users\niek\Documents\GitHub\webs5\routes\index.js
FN:4,(anonymous_1)
FNF:1
FNH:0
FNDA:0,(anonymous_1)
DA:1,1
DA:2,1
DA:4,1
DA:5,0
DA:6,0
DA:9,1
LF:6
LH:4
BRF:0
BRH:0
end_of_record
TN:
SF:C:\Users\niek\Documents\GitHub\webs5\routes\users.js
FN:7,getUser
FN:15,(anonymous_2)
FN:26,addUser
FN:30,(anonymous_4)
FN:41,deleteUser
FN:46,(anonymous_6)
FN:49,(anonymous_7)
FN:61,updateUser
FN:62,(anonymous_9)
FN:71,(anonymous_10)
FN:90,(anonymous_11)
FNF:11
FNH:11
FNDA:1,getUser
FNDA:1,(anonymous_2)
FNDA:1,addUser
FNDA:1,(anonymous_4)
FNDA:1,deleteUser
FNDA:1,(anonymous_6)
FNDA:1,(anonymous_7)
FNDA:1,updateUser
FNDA:1,(anonymous_9)
FNDA:1,(anonymous_10)
FNDA:1,(anonymous_11)
DA:1,1
DA:2,1
DA:3,1
DA:4,1
DA:5,1
DA:6,1
DA:7,1
DA:8,1
DA:10,1
DA:11,0
DA:14,1
DA:15,1
DA:16,1
DA:19,1
DA:20,0
DA:22,1
DA:26,1
DA:27,1
DA:28,1
DA:30,1
DA:31,1
DA:32,0
DA:34,1
DA:35,1
DA:36,1
DA:41,1
DA:42,1
DA:43,1
DA:45,1
DA:46,1
DA:47,1
DA:48,1
DA:49,1
DA:50,1
DA:51,1
DA:52,1
DA:53,1
DA:56,0
DA:61,1
DA:62,1
DA:63,1
DA:64,1
DA:65,1
DA:66,1
DA:67,1
DA:68,1
DA:71,1
DA:72,1
DA:73,1
DA:74,1
DA:81,1
DA:85,1
DA:90,1
DA:91,1
DA:92,1
DA:93,1
DA:94,1
LF:57
LH:53
BRDA:10,1,0,0
BRDA:10,1,1,1
BRDA:16,2,0,0
BRDA:16,2,1,1
BRDA:19,3,0,0
BRDA:19,3,1,1
BRDA:31,4,0,0
BRDA:31,4,1,1
BRDA:47,5,0,1
BRDA:47,5,1,0
BRDA:48,6,0,0
BRDA:48,6,1,1
BRDA:50,7,0,0
BRDA:50,7,1,1
BRDA:63,8,0,0
BRDA:63,8,1,1
BRDA:72,9,0,0
BRDA:72,9,1,1
BRF:18
BRH:9
end_of_record
TN:
SF:C:\Users\niek\Documents\GitHub\webs5\socket\socket.js
FN:3,init
FN:4,(anonymous_2)
FN:9,sendmsg
FN:17,(anonymous_4)
FNF:4
FNH:2
FNDA:0,init
FNDA:0,(anonymous_2)
FNDA:3,sendmsg
FNDA:3,(anonymous_4)
DA:1,1
DA:3,1
DA:4,0
DA:5,0
DA:9,1
DA:10,3
DA:11,0
DA:17,1
DA:18,3
DA:19,3
DA:20,0
DA:21,0
DA:22,0
DA:28,3
LF:14
LH:8
BRDA:10,1,0,0
BRDA:10,1,1,3
BRDA:19,2,0,0
BRDA:19,2,1,3
BRDA:19,3,0,3
BRDA:19,3,1,3
BRF:6
BRH:4
end_of_record
TN:
SF:C:\Users\niek\Documents\GitHub\webs5\routes\races.js
FN:14,getRace
FN:22,(anonymous_2)
FN:33,addRace
FN:35,(anonymous_4)
FN:46,deleteRace
FN:51,(anonymous_6)
FN:57,(anonymous_7)
FN:61,(anonymous_8)
FN:77,updateRace
FN:78,(anonymous_10)
FN:86,(anonymous_11)
FN:94,addWayPoint
FN:98,(anonymous_13)
FN:101,(anonymous_14)
FN:110,(anonymous_15)
FN:123,deleteWaypoint
FN:129,(anonymous_17)
FN:132,(anonymous_18)
FN:143,(anonymous_19)
FN:155,addUser
FN:160,(anonymous_21)
FN:166,(anonymous_22)
FN:177,deleteUser
FN:183,(anonymous_24)
FN:194,(anonymous_25)
FN:226,(anonymous_26)
FNF:26
FNH:1
FNDA:0,getRace
FNDA:0,(anonymous_2)
FNDA:0,addRace
FNDA:0,(anonymous_4)
FNDA:0,deleteRace
FNDA:0,(anonymous_6)
FNDA:0,(anonymous_7)
FNDA:0,(anonymous_8)
FNDA:0,updateRace
FNDA:0,(anonymous_10)
FNDA:0,(anonymous_11)
FNDA:0,addWayPoint
FNDA:0,(anonymous_13)
FNDA:0,(anonymous_14)
FNDA:0,(anonymous_15)
FNDA:0,deleteWaypoint
FNDA:0,(anonymous_17)
FNDA:0,(anonymous_18)
FNDA:0,(anonymous_19)
FNDA:0,addUser
FNDA:0,(anonymous_21)
FNDA:0,(anonymous_22)
FNDA:0,deleteUser
FNDA:0,(anonymous_24)
FNDA:0,(anonymous_25)
FNDA:1,(anonymous_26)
DA:4,1
DA:5,1
DA:6,1
DA:7,1
DA:8,1
DA:9,1
DA:10,1
DA:11,1
DA:14,1
DA:15,0
DA:17,0
DA:18,0
DA:21,0
DA:22,0
DA:23,0
DA:26,0
DA:27,0
DA:29,0
DA:33,1
DA:34,0
DA:35,0
DA:36,0
DA:37,0
DA:39,0
DA:40,0
DA:41,0
DA:46,1
DA:47,0
DA:48,0
DA:50,0
DA:51,0
DA:52,0
DA:53,0
DA:54,0
DA:55,0
DA:56,0
DA:57,0
DA:58,0
DA:61,0
DA:62,0
DA:63,0
DA:64,0
DA:65,0
DA:68,0
DA:69,0
DA:72,0
DA:77,1
DA:78,0
DA:79,0
DA:80,0
DA:81,0
DA:82,0
DA:83,0
DA:84,0
DA:86,0
DA:87,0
DA:88,0
DA:89,0
DA:94,1
DA:95,0
DA:96,0
DA:97,0
DA:98,0
DA:99,0
DA:100,0
DA:101,0
DA:103,0
DA:105,0
DA:106,0
DA:107,0
DA:108,0
DA:109,0
DA:110,0
DA:111,0
DA:112,0
DA:113,0
DA:118,0
DA:123,1
DA:124,0
DA:125,0
DA:127,0
DA:129,0
DA:130,0
DA:131,0
DA:132,0
DA:133,0
DA:134,0
DA:135,0
DA:136,0
DA:137,0
DA:138,0
DA:141,0
DA:142,0
DA:143,0
DA:144,0
DA:145,0
DA:146,0
DA:150,0
DA:155,1
DA:156,0
DA:157,0
DA:159,0
DA:160,0
DA:161,0
DA:162,0
DA:163,0
DA:164,0
DA:165,0
DA:166,0
DA:167,0
DA:168,0
DA:169,0
DA:172,0
DA:177,1
DA:178,0
DA:179,0
DA:181,0
DA:183,0
DA:184,0
DA:185,0
DA:186,0
DA:187,0
DA:188,0
DA:189,0
DA:192,0
DA:193,0
DA:194,0
DA:195,0
DA:196,0
DA:197,0
DA:200,0
DA:208,1
DA:212,1
DA:216,1
DA:218,1
DA:220,1
DA:222,1
DA:226,1
DA:227,1
DA:228,1
DA:229,1
DA:230,1
DA:231,1
DA:232,1
LF:144
LH:29
BRDA:17,1,0,0
BRDA:17,1,1,0
BRDA:23,2,0,0
BRDA:23,2,1,0
BRDA:26,3,0,0
BRDA:26,3,1,0
BRDA:36,4,0,0
BRDA:36,4,1,0
BRDA:52,5,0,0
BRDA:52,5,1,0
BRDA:53,6,0,0
BRDA:53,6,1,0
BRDA:54,7,0,0
BRDA:54,7,1,0
BRDA:58,8,0,0
BRDA:58,8,1,0
BRDA:62,9,0,0
BRDA:62,9,1,0
BRDA:79,10,0,0
BRDA:79,10,1,0
BRDA:87,11,0,0
BRDA:87,11,1,0
BRDA:99,12,0,0
BRDA:99,12,1,0
BRDA:103,13,0,0
BRDA:103,13,1,0
BRDA:111,14,0,0
BRDA:111,14,1,0
BRDA:130,15,0,0
BRDA:130,15,1,0
BRDA:131,16,0,0
BRDA:131,16,1,0
BRDA:133,17,0,0
BRDA:133,17,1,0
BRDA:137,18,0,0
BRDA:137,18,1,0
BRDA:144,19,0,0
BRDA:144,19,1,0
BRDA:161,20,0,0
BRDA:161,20,1,0
BRDA:167,21,0,0
BRDA:167,21,1,0
BRDA:184,22,0,0
BRDA:184,22,1,0
BRDA:185,23,0,0
BRDA:185,23,1,0
BRDA:188,24,0,0
BRDA:188,24,1,0
BRDA:195,25,0,0
BRDA:195,25,1,0
BRF:50
BRH:0
end_of_record
TN:
SF:C:\Users\niek\Documents\GitHub\webs5\routes\wayPoints.js
FN:11,getWayPoint
FN:20,(anonymous_2)
FN:31,tagWaypoint
FN:36,(anonymous_4)
FN:39,(anonymous_5)
FN:46,(anonymous_6)
FN:71,(anonymous_7)
FNF:7
FNH:1
FNDA:0,getWayPoint
FNDA:0,(anonymous_2)
FNDA:0,tagWaypoint
FNDA:0,(anonymous_4)
FNDA:0,(anonymous_5)
FNDA:0,(anonymous_6)
FNDA:1,(anonymous_7)
DA:1,1
DA:2,1
DA:3,1
DA:4,1
DA:5,1
DA:6,1
DA:7,1
DA:8,1
DA:9,1
DA:11,1
DA:13,0
DA:14,0
DA:15,0
DA:18,0
DA:20,0
DA:21,0
DA:24,0
DA:25,0
DA:27,0
DA:31,1
DA:32,0
DA:33,0
DA:35,0
DA:36,0
DA:37,0
DA:38,0
DA:39,0
DA:40,0
DA:41,0
DA:42,0
DA:43,0
DA:44,0
DA:45,0
DA:46,0
DA:47,0
DA:48,0
DA:49,0
DA:50,0
DA:53,0
DA:57,0
DA:63,1
DA:66,1
DA:68,1
DA:71,1
DA:72,1
DA:73,1
DA:74,1
DA:75,1
DA:76,1
DA:77,1
LF:50
LH:21
BRDA:14,1,0,0
BRDA:14,1,1,0
BRDA:21,2,0,0
BRDA:21,2,1,0
BRDA:24,3,0,0
BRDA:24,3,1,0
BRDA:37,4,0,0
BRDA:37,4,1,0
BRDA:40,5,0,0
BRDA:40,5,1,0
BRDA:47,6,0,0
BRDA:47,6,1,0
BRF:12
BRH:0
end_of_record
TN:
SF:C:\Users\niek\Documents\GitHub\webs5\models\testFunction.js
FN:7,makePostRequest
FN:13,(anonymous_2)
FN:19,makeGetRequest
FN:23,(anonymous_4)
FN:30,makePutReqeust
FN:36,(anonymous_6)
FN:43,makeDelReqeust
FN:46,(anonymous_8)
FN:53,(anonymous_9)
FNF:9
FNH:9
FNDA:1,makePostRequest
FNDA:1,(anonymous_2)
FNDA:1,makeGetRequest
FNDA:1,(anonymous_4)
FNDA:1,makePutReqeust
FNDA:1,(anonymous_6)
FNDA:1,makeDelReqeust
FNDA:1,(anonymous_8)
FNDA:1,(anonymous_9)
DA:4,1
DA:5,1
DA:7,1
DA:8,1
DA:14,1
DA:16,1
DA:19,1
DA:20,1
DA:24,1
DA:26,1
DA:30,1
DA:31,1
DA:37,1
DA:38,0
DA:40,1
DA:43,1
DA:44,1
DA:47,1
DA:48,0
DA:49,1
DA:53,1
DA:54,1
DA:55,1
DA:56,1
LF:24
LH:22
BRDA:14,1,0,0
BRDA:14,1,1,1
BRDA:24,2,0,0
BRDA:24,2,1,1
BRDA:37,3,0,0
BRDA:37,3,1,1
BRDA:47,4,0,0
BRDA:47,4,1,1
BRF:8
BRH:4
end_of_record
